[2019-08-08 17:47:48 ] [org.springframework.boot.StartupInfoLogger] [main] [50] [INFO ] Starting BestplacesApplication on LAPTOP-65O6T4J6 with PID 10776 (D:\programowanie\java\BestPlaces\target\classes started by Acer in D:\programowanie\java\BestPlaces)
[2019-08-08 17:47:48 ] [org.springframework.boot.SpringApplication] [main] [646] [INFO ] No active profile set, falling back to default profiles: default
[2019-08-08 17:47:51 ] [org.springframework.data.repository.config.RepositoryConfigurationDelegate] [main] [126] [INFO ] Bootstrapping Spring Data repositories in DEFAULT mode.
[2019-08-08 17:47:51 ] [org.springframework.data.repository.config.RepositoryConfigurationDelegate] [main] [182] [INFO ] Finished Spring Data repository scanning in 219ms. Found 5 repository interfaces.
[2019-08-08 17:47:52 ] [org.springframework.context.support.PostProcessorRegistrationDelegate$BeanPostProcessorChecker] [main] [330] [INFO ] Bean 'org.springframework.transaction.annotation.ProxyTransactionManagementConfiguration' of type [org.springframework.transaction.annotation.ProxyTransactionManagementConfiguration$$EnhancerBySpringCGLIB$$e7c6dbe1] is not eligible for getting processed by all BeanPostProcessors (for example: not eligible for auto-proxying)
[2019-08-08 17:47:53 ] [org.springframework.context.support.PostProcessorRegistrationDelegate$BeanPostProcessorChecker] [main] [330] [INFO ] Bean 'org.springframework.security.config.annotation.configuration.ObjectPostProcessorConfiguration' of type [org.springframework.security.config.annotation.configuration.ObjectPostProcessorConfiguration$$EnhancerBySpringCGLIB$$8074a41b] is not eligible for getting processed by all BeanPostProcessors (for example: not eligible for auto-proxying)
[2019-08-08 17:47:53 ] [org.springframework.context.support.PostProcessorRegistrationDelegate$BeanPostProcessorChecker] [main] [330] [INFO ] Bean 'objectPostProcessor' of type [org.springframework.security.config.annotation.configuration.AutowireBeanFactoryObjectPostProcessor] is not eligible for getting processed by all BeanPostProcessors (for example: not eligible for auto-proxying)
[2019-08-08 17:47:53 ] [org.springframework.context.support.PostProcessorRegistrationDelegate$BeanPostProcessorChecker] [main] [330] [INFO ] Bean 'org.springframework.security.access.expression.method.DefaultMethodSecurityExpressionHandler@7048535f' of type [org.springframework.security.access.expression.method.DefaultMethodSecurityExpressionHandler] is not eligible for getting processed by all BeanPostProcessors (for example: not eligible for auto-proxying)
[2019-08-08 17:47:53 ] [org.springframework.context.support.PostProcessorRegistrationDelegate$BeanPostProcessorChecker] [main] [330] [INFO ] Bean 'org.springframework.security.config.annotation.method.configuration.GlobalMethodSecurityConfiguration' of type [org.springframework.security.config.annotation.method.configuration.GlobalMethodSecurityConfiguration$$EnhancerBySpringCGLIB$$a54946cd] is not eligible for getting processed by all BeanPostProcessors (for example: not eligible for auto-proxying)
[2019-08-08 17:47:53 ] [org.springframework.context.support.PostProcessorRegistrationDelegate$BeanPostProcessorChecker] [main] [330] [INFO ] Bean 'methodSecurityMetadataSource' of type [org.springframework.security.access.method.DelegatingMethodSecurityMetadataSource] is not eligible for getting processed by all BeanPostProcessors (for example: not eligible for auto-proxying)
[2019-08-08 17:47:53 ] [org.springframework.context.support.PostProcessorRegistrationDelegate$BeanPostProcessorChecker] [main] [330] [INFO ] Bean 'org.springframework.hateoas.config.HateoasConfiguration' of type [org.springframework.hateoas.config.HateoasConfiguration$$EnhancerBySpringCGLIB$$67472913] is not eligible for getting processed by all BeanPostProcessors (for example: not eligible for auto-proxying)
[2019-08-08 17:47:55 ] [org.springframework.boot.web.embedded.tomcat.TomcatWebServer] [main] [90] [INFO ] Tomcat initialized with port(s): 8080 (http)
[2019-08-08 17:47:55 ] [org.apache.juli.logging.DirectJDKLog] [main] [173] [INFO ] Initializing ProtocolHandler ["http-nio-8080"]
[2019-08-08 17:47:55 ] [org.apache.juli.logging.DirectJDKLog] [main] [173] [INFO ] Starting service [Tomcat]
[2019-08-08 17:47:55 ] [org.apache.juli.logging.DirectJDKLog] [main] [173] [INFO ] Starting Servlet engine: [Apache Tomcat/9.0.21]
[2019-08-08 17:47:55 ] [org.apache.juli.logging.DirectJDKLog] [main] [173] [INFO ] At least one JAR was scanned for TLDs yet contained no TLDs. Enable debug logging for this logger for a complete list of JARs that were scanned but no TLDs were found in them. Skipping unneeded JARs during scanning can improve startup time and JSP compilation time.
[2019-08-08 17:47:55 ] [org.apache.juli.logging.DirectJDKLog] [main] [173] [INFO ] Initializing Spring embedded WebApplicationContext
[2019-08-08 17:47:55 ] [org.springframework.boot.web.servlet.context.ServletWebServerApplicationContext] [main] [283] [INFO ] Root WebApplicationContext: initialization completed in 7241 ms
[2019-08-08 17:47:56 ] [com.zaxxer.hikari.HikariDataSource] [main] [110] [INFO ] HikariPool-1 - Starting...
[2019-08-08 17:47:56 ] [com.zaxxer.hikari.HikariDataSource] [main] [123] [INFO ] HikariPool-1 - Start completed.
[2019-08-08 17:47:57 ] [org.hibernate.jpa.internal.util.LogHelper] [main] [31] [INFO ] HHH000204: Processing PersistenceUnitInfo [
	name: default
	...]
[2019-08-08 17:47:57 ] [org.hibernate.Version] [main] [46] [INFO ] HHH000412: Hibernate Core {5.3.10.Final}
[2019-08-08 17:47:57 ] [org.hibernate.cfg.Environment] [main] [213] [INFO ] HHH000206: hibernate.properties not found
[2019-08-08 17:47:57 ] [org.hibernate.annotations.common.reflection.java.JavaReflectionManager] [main] [49] [INFO ] HCANN000001: Hibernate Commons Annotations {5.0.4.Final}
[2019-08-08 17:47:58 ] [org.hibernate.dialect.Dialect] [main] [157] [INFO ] HHH000400: Using dialect: org.hibernate.dialect.MySQL8Dialect
[2019-08-08 17:47:59 ] [org.springframework.orm.jpa.AbstractEntityManagerFactoryBean] [main] [415] [INFO ] Initialized JPA EntityManagerFactory for persistence unit 'default'
[2019-08-08 17:48:00 ] [org.hibernate.hql.internal.QueryTranslatorFactoryInitiator] [main] [47] [INFO ] HHH000397: Using ASTQueryTranslatorFactory
[2019-08-08 17:48:03 ] [org.springframework.security.web.DefaultSecurityFilterChain] [main] [43] [INFO ] Creating filter chain: Ant [pattern='/resources/**'], []
[2019-08-08 17:48:03 ] [org.springframework.security.web.DefaultSecurityFilterChain] [main] [43] [INFO ] Creating filter chain: Ant [pattern='/statics/**'], []
[2019-08-08 17:48:03 ] [org.springframework.security.web.DefaultSecurityFilterChain] [main] [43] [INFO ] Creating filter chain: Ant [pattern='/css/**'], []
[2019-08-08 17:48:03 ] [org.springframework.security.web.DefaultSecurityFilterChain] [main] [43] [INFO ] Creating filter chain: Ant [pattern='/js/**'], []
[2019-08-08 17:48:03 ] [org.springframework.security.web.DefaultSecurityFilterChain] [main] [43] [INFO ] Creating filter chain: Ant [pattern='/images/**'], []
[2019-08-08 17:48:03 ] [org.springframework.security.web.DefaultSecurityFilterChain] [main] [43] [INFO ] Creating filter chain: Ant [pattern='/incl/**'], []
[2019-08-08 17:48:03 ] [org.springframework.security.web.DefaultSecurityFilterChain] [main] [43] [INFO ] Creating filter chain: any request, [org.springframework.security.web.context.request.async.WebAsyncManagerIntegrationFilter@4e26987b, org.springframework.security.web.context.SecurityContextPersistenceFilter@2579d8a, org.springframework.security.web.header.HeaderWriterFilter@2820b369, org.springframework.security.web.authentication.logout.LogoutFilter@3291d9c2, org.springframework.security.web.authentication.UsernamePasswordAuthenticationFilter@3c910acd, org.springframework.security.web.savedrequest.RequestCacheAwareFilter@7e20f4e3, org.springframework.security.web.servletapi.SecurityContextHolderAwareRequestFilter@7af9595d, org.springframework.security.web.authentication.AnonymousAuthenticationFilter@50bb1c1f, org.springframework.security.web.session.SessionManagementFilter@476c137b, org.springframework.security.web.access.ExceptionTranslationFilter@f01fc6d, org.springframework.security.web.access.intercept.FilterSecurityInterceptor@45790cb]
[2019-08-08 17:48:04 ] [org.springframework.scheduling.concurrent.ExecutorConfigurationSupport] [main] [171] [INFO ] Initializing ExecutorService 'applicationTaskExecutor'
[2019-08-08 17:48:04 ] [org.springframework.boot.autoconfigure.orm.jpa.JpaBaseConfiguration$JpaWebConfiguration$JpaWebMvcConfiguration] [main] [225] [WARN ] spring.jpa.open-in-view is enabled by default. Therefore, database queries may be performed during view rendering. Explicitly configure spring.jpa.open-in-view to disable this warning
[2019-08-08 17:48:04 ] [org.springframework.boot.autoconfigure.web.servlet.WelcomePageHandlerMapping] [main] [58] [INFO ] Adding welcome page template: index
[2019-08-08 17:48:05 ] [org.springframework.boot.autoconfigure.security.servlet.UserDetailsServiceAutoConfiguration] [main] [82] [INFO ] 

Using generated security password: 285146a4-c6b6-4be7-a47d-a0e80dbe29d9

[2019-08-08 17:48:05 ] [org.apache.juli.logging.DirectJDKLog] [main] [173] [INFO ] Starting ProtocolHandler ["http-nio-8080"]
[2019-08-08 17:48:05 ] [org.springframework.boot.web.embedded.tomcat.TomcatWebServer] [main] [202] [INFO ] Tomcat started on port(s): 8080 (http) with context path ''
[2019-08-08 17:48:05 ] [org.springframework.boot.StartupInfoLogger] [main] [59] [INFO ] Started BestplacesApplication in 17.794 seconds (JVM running for 19.159)
[2019-08-08 17:48:11 ] [org.apache.juli.logging.DirectJDKLog] [http-nio-8080-exec-2] [173] [INFO ] Initializing Spring DispatcherServlet 'dispatcherServlet'
[2019-08-08 17:48:11 ] [org.springframework.web.servlet.FrameworkServlet] [http-nio-8080-exec-2] [524] [INFO ] Initializing Servlet 'dispatcherServlet'
[2019-08-08 17:48:11 ] [org.springframework.web.servlet.FrameworkServlet] [http-nio-8080-exec-2] [546] [INFO ] Completed initialization in 49 ms
[2019-08-08 17:56:19 ] [org.springframework.boot.StartupInfoLogger] [main] [50] [INFO ] Starting BestplacesApplication on LAPTOP-65O6T4J6 with PID 14636 (D:\programowanie\java\BestPlaces\target\classes started by Acer in D:\programowanie\java\BestPlaces)
[2019-08-08 17:56:19 ] [org.springframework.boot.SpringApplication] [main] [646] [INFO ] No active profile set, falling back to default profiles: default
[2019-08-08 17:56:20 ] [org.springframework.data.repository.config.RepositoryConfigurationDelegate] [main] [126] [INFO ] Bootstrapping Spring Data repositories in DEFAULT mode.
[2019-08-08 17:56:21 ] [org.springframework.data.repository.config.RepositoryConfigurationDelegate] [main] [182] [INFO ] Finished Spring Data repository scanning in 188ms. Found 5 repository interfaces.
[2019-08-08 17:58:36 ] [org.springframework.boot.StartupInfoLogger] [main] [50] [INFO ] Starting BestplacesApplication on LAPTOP-65O6T4J6 with PID 3688 (D:\programowanie\java\BestPlaces\target\classes started by Acer in D:\programowanie\java\BestPlaces)
[2019-08-08 17:58:36 ] [org.springframework.boot.SpringApplication] [main] [646] [INFO ] No active profile set, falling back to default profiles: default
[2019-08-08 17:58:38 ] [org.springframework.data.repository.config.RepositoryConfigurationDelegate] [main] [126] [INFO ] Bootstrapping Spring Data repositories in DEFAULT mode.
[2019-08-08 17:58:38 ] [org.springframework.data.repository.config.RepositoryConfigurationDelegate] [main] [182] [INFO ] Finished Spring Data repository scanning in 172ms. Found 5 repository interfaces.
[2019-08-08 17:58:39 ] [org.springframework.context.support.PostProcessorRegistrationDelegate$BeanPostProcessorChecker] [main] [330] [INFO ] Bean 'org.springframework.transaction.annotation.ProxyTransactionManagementConfiguration' of type [org.springframework.transaction.annotation.ProxyTransactionManagementConfiguration$$EnhancerBySpringCGLIB$$69d8c71e] is not eligible for getting processed by all BeanPostProcessors (for example: not eligible for auto-proxying)
[2019-08-08 17:58:39 ] [org.springframework.context.support.PostProcessorRegistrationDelegate$BeanPostProcessorChecker] [main] [330] [INFO ] Bean 'org.springframework.security.config.annotation.configuration.ObjectPostProcessorConfiguration' of type [org.springframework.security.config.annotation.configuration.ObjectPostProcessorConfiguration$$EnhancerBySpringCGLIB$$2868f58] is not eligible for getting processed by all BeanPostProcessors (for example: not eligible for auto-proxying)
[2019-08-08 17:58:39 ] [org.springframework.context.support.PostProcessorRegistrationDelegate$BeanPostProcessorChecker] [main] [330] [INFO ] Bean 'objectPostProcessor' of type [org.springframework.security.config.annotation.configuration.AutowireBeanFactoryObjectPostProcessor] is not eligible for getting processed by all BeanPostProcessors (for example: not eligible for auto-proxying)
[2019-08-08 17:58:39 ] [org.springframework.context.support.PostProcessorRegistrationDelegate$BeanPostProcessorChecker] [main] [330] [INFO ] Bean 'org.springframework.security.access.expression.method.DefaultMethodSecurityExpressionHandler@23202c31' of type [org.springframework.security.access.expression.method.DefaultMethodSecurityExpressionHandler] is not eligible for getting processed by all BeanPostProcessors (for example: not eligible for auto-proxying)
[2019-08-08 17:58:39 ] [org.springframework.context.support.PostProcessorRegistrationDelegate$BeanPostProcessorChecker] [main] [330] [INFO ] Bean 'org.springframework.security.config.annotation.method.configuration.GlobalMethodSecurityConfiguration' of type [org.springframework.security.config.annotation.method.configuration.GlobalMethodSecurityConfiguration$$EnhancerBySpringCGLIB$$275b320a] is not eligible for getting processed by all BeanPostProcessors (for example: not eligible for auto-proxying)
[2019-08-08 17:58:39 ] [org.springframework.context.support.PostProcessorRegistrationDelegate$BeanPostProcessorChecker] [main] [330] [INFO ] Bean 'methodSecurityMetadataSource' of type [org.springframework.security.access.method.DelegatingMethodSecurityMetadataSource] is not eligible for getting processed by all BeanPostProcessors (for example: not eligible for auto-proxying)
[2019-08-08 17:58:39 ] [org.springframework.context.support.PostProcessorRegistrationDelegate$BeanPostProcessorChecker] [main] [330] [INFO ] Bean 'org.springframework.hateoas.config.HateoasConfiguration' of type [org.springframework.hateoas.config.HateoasConfiguration$$EnhancerBySpringCGLIB$$e9591450] is not eligible for getting processed by all BeanPostProcessors (for example: not eligible for auto-proxying)
[2019-08-08 17:58:41 ] [org.springframework.boot.web.embedded.tomcat.TomcatWebServer] [main] [90] [INFO ] Tomcat initialized with port(s): 8080 (http)
[2019-08-08 17:58:41 ] [org.apache.juli.logging.DirectJDKLog] [main] [173] [INFO ] Initializing ProtocolHandler ["http-nio-8080"]
[2019-08-08 17:58:41 ] [org.apache.juli.logging.DirectJDKLog] [main] [173] [INFO ] Starting service [Tomcat]
[2019-08-08 17:58:41 ] [org.apache.juli.logging.DirectJDKLog] [main] [173] [INFO ] Starting Servlet engine: [Apache Tomcat/9.0.21]
[2019-08-08 17:58:41 ] [org.apache.juli.logging.DirectJDKLog] [main] [173] [INFO ] At least one JAR was scanned for TLDs yet contained no TLDs. Enable debug logging for this logger for a complete list of JARs that were scanned but no TLDs were found in them. Skipping unneeded JARs during scanning can improve startup time and JSP compilation time.
[2019-08-08 17:58:41 ] [org.apache.juli.logging.DirectJDKLog] [main] [173] [INFO ] Initializing Spring embedded WebApplicationContext
[2019-08-08 17:58:41 ] [org.springframework.boot.web.servlet.context.ServletWebServerApplicationContext] [main] [283] [INFO ] Root WebApplicationContext: initialization completed in 5172 ms
[2019-08-08 17:58:42 ] [com.zaxxer.hikari.HikariDataSource] [main] [110] [INFO ] HikariPool-1 - Starting...
[2019-08-08 17:58:42 ] [com.zaxxer.hikari.HikariDataSource] [main] [123] [INFO ] HikariPool-1 - Start completed.
[2019-08-08 17:58:42 ] [org.hibernate.jpa.internal.util.LogHelper] [main] [31] [INFO ] HHH000204: Processing PersistenceUnitInfo [
	name: default
	...]
[2019-08-08 17:58:42 ] [org.hibernate.Version] [main] [46] [INFO ] HHH000412: Hibernate Core {5.3.10.Final}
[2019-08-08 17:58:42 ] [org.hibernate.cfg.Environment] [main] [213] [INFO ] HHH000206: hibernate.properties not found
[2019-08-08 17:58:43 ] [org.hibernate.annotations.common.reflection.java.JavaReflectionManager] [main] [49] [INFO ] HCANN000001: Hibernate Commons Annotations {5.0.4.Final}
[2019-08-08 17:58:43 ] [org.hibernate.dialect.Dialect] [main] [157] [INFO ] HHH000400: Using dialect: org.hibernate.dialect.MySQL8Dialect
[2019-08-08 17:58:44 ] [org.springframework.orm.jpa.AbstractEntityManagerFactoryBean] [main] [415] [INFO ] Initialized JPA EntityManagerFactory for persistence unit 'default'
[2019-08-08 17:58:45 ] [org.hibernate.hql.internal.QueryTranslatorFactoryInitiator] [main] [47] [INFO ] HHH000397: Using ASTQueryTranslatorFactory
[2019-08-08 17:58:47 ] [org.springframework.security.web.DefaultSecurityFilterChain] [main] [43] [INFO ] Creating filter chain: Ant [pattern='/resources/**'], []
[2019-08-08 17:58:47 ] [org.springframework.security.web.DefaultSecurityFilterChain] [main] [43] [INFO ] Creating filter chain: Ant [pattern='/statics/**'], []
[2019-08-08 17:58:47 ] [org.springframework.security.web.DefaultSecurityFilterChain] [main] [43] [INFO ] Creating filter chain: Ant [pattern='/css/**'], []
[2019-08-08 17:58:47 ] [org.springframework.security.web.DefaultSecurityFilterChain] [main] [43] [INFO ] Creating filter chain: Ant [pattern='/js/**'], []
[2019-08-08 17:58:47 ] [org.springframework.security.web.DefaultSecurityFilterChain] [main] [43] [INFO ] Creating filter chain: Ant [pattern='/images/**'], []
[2019-08-08 17:58:47 ] [org.springframework.security.web.DefaultSecurityFilterChain] [main] [43] [INFO ] Creating filter chain: Ant [pattern='/incl/**'], []
[2019-08-08 17:58:47 ] [org.springframework.security.web.DefaultSecurityFilterChain] [main] [43] [INFO ] Creating filter chain: any request, [org.springframework.security.web.context.request.async.WebAsyncManagerIntegrationFilter@2567c091, org.springframework.security.web.context.SecurityContextPersistenceFilter@620572db, org.springframework.security.web.header.HeaderWriterFilter@a240452, org.springframework.security.web.authentication.logout.LogoutFilter@1939a394, org.springframework.security.web.authentication.UsernamePasswordAuthenticationFilter@7404aff2, org.springframework.security.web.savedrequest.RequestCacheAwareFilter@47d9c01, org.springframework.security.web.servletapi.SecurityContextHolderAwareRequestFilter@2986427e, org.springframework.security.web.authentication.AnonymousAuthenticationFilter@7747cc1b, org.springframework.security.web.session.SessionManagementFilter@1a4cbcc6, org.springframework.security.web.access.ExceptionTranslationFilter@6ef4297d, org.springframework.security.web.access.intercept.FilterSecurityInterceptor@70805849]
[2019-08-08 17:58:48 ] [org.springframework.scheduling.concurrent.ExecutorConfigurationSupport] [main] [171] [INFO ] Initializing ExecutorService 'applicationTaskExecutor'
[2019-08-08 17:58:48 ] [org.springframework.boot.autoconfigure.orm.jpa.JpaBaseConfiguration$JpaWebConfiguration$JpaWebMvcConfiguration] [main] [225] [WARN ] spring.jpa.open-in-view is enabled by default. Therefore, database queries may be performed during view rendering. Explicitly configure spring.jpa.open-in-view to disable this warning
[2019-08-08 17:58:48 ] [org.springframework.boot.autoconfigure.web.servlet.WelcomePageHandlerMapping] [main] [58] [INFO ] Adding welcome page template: index
[2019-08-08 17:58:49 ] [org.springframework.boot.autoconfigure.security.servlet.UserDetailsServiceAutoConfiguration] [main] [82] [INFO ] 

Using generated security password: c083d738-78ab-40ac-b5ad-dd51a5d6eb43

[2019-08-08 17:58:49 ] [org.apache.juli.logging.DirectJDKLog] [main] [173] [INFO ] Starting ProtocolHandler ["http-nio-8080"]
[2019-08-08 17:58:49 ] [org.springframework.boot.web.embedded.tomcat.TomcatWebServer] [main] [202] [INFO ] Tomcat started on port(s): 8080 (http) with context path ''
[2019-08-08 17:58:49 ] [org.springframework.boot.StartupInfoLogger] [main] [59] [INFO ] Started BestplacesApplication in 13.573 seconds (JVM running for 14.604)
[2019-08-08 17:58:59 ] [org.apache.juli.logging.DirectJDKLog] [http-nio-8080-exec-1] [173] [INFO ] Initializing Spring DispatcherServlet 'dispatcherServlet'
[2019-08-08 17:58:59 ] [org.springframework.web.servlet.FrameworkServlet] [http-nio-8080-exec-1] [524] [INFO ] Initializing Servlet 'dispatcherServlet'
[2019-08-08 17:58:59 ] [org.springframework.web.servlet.FrameworkServlet] [http-nio-8080-exec-1] [546] [INFO ] Completed initialization in 33 ms
[2019-08-08 18:00:04 ] [org.springframework.web.servlet.DispatcherServlet] [http-nio-8080-exec-2] [1249] [WARN ] No mapping for GET /editPassword
