[2019-08-09 12:01:24 ] [org.springframework.boot.StartupInfoLogger] [main] [50] [INFO ] Starting BestplacesApplication on LAPTOP-65O6T4J6 with PID 2664 (D:\programowanie\java\BestPlaces\target\classes started by Acer in D:\programowanie\java\BestPlaces)
[2019-08-09 12:01:24 ] [org.springframework.boot.SpringApplication] [main] [646] [INFO ] No active profile set, falling back to default profiles: default
[2019-08-09 12:01:26 ] [org.springframework.data.repository.config.RepositoryConfigurationDelegate] [main] [126] [INFO ] Bootstrapping Spring Data repositories in DEFAULT mode.
[2019-08-09 12:01:26 ] [org.springframework.data.repository.config.RepositoryConfigurationDelegate] [main] [182] [INFO ] Finished Spring Data repository scanning in 166ms. Found 5 repository interfaces.
[2019-08-09 12:01:27 ] [org.springframework.context.support.PostProcessorRegistrationDelegate$BeanPostProcessorChecker] [main] [330] [INFO ] Bean 'org.springframework.transaction.annotation.ProxyTransactionManagementConfiguration' of type [org.springframework.transaction.annotation.ProxyTransactionManagementConfiguration$$EnhancerBySpringCGLIB$$133284ee] is not eligible for getting processed by all BeanPostProcessors (for example: not eligible for auto-proxying)
[2019-08-09 12:01:27 ] [org.springframework.context.support.PostProcessorRegistrationDelegate$BeanPostProcessorChecker] [main] [330] [INFO ] Bean 'org.springframework.security.config.annotation.configuration.ObjectPostProcessorConfiguration' of type [org.springframework.security.config.annotation.configuration.ObjectPostProcessorConfiguration$$EnhancerBySpringCGLIB$$abe04d28] is not eligible for getting processed by all BeanPostProcessors (for example: not eligible for auto-proxying)
[2019-08-09 12:01:27 ] [org.springframework.context.support.PostProcessorRegistrationDelegate$BeanPostProcessorChecker] [main] [330] [INFO ] Bean 'objectPostProcessor' of type [org.springframework.security.config.annotation.configuration.AutowireBeanFactoryObjectPostProcessor] is not eligible for getting processed by all BeanPostProcessors (for example: not eligible for auto-proxying)
[2019-08-09 12:01:27 ] [org.springframework.context.support.PostProcessorRegistrationDelegate$BeanPostProcessorChecker] [main] [330] [INFO ] Bean 'org.springframework.security.access.expression.method.DefaultMethodSecurityExpressionHandler@2f04105' of type [org.springframework.security.access.expression.method.DefaultMethodSecurityExpressionHandler] is not eligible for getting processed by all BeanPostProcessors (for example: not eligible for auto-proxying)
[2019-08-09 12:01:27 ] [org.springframework.context.support.PostProcessorRegistrationDelegate$BeanPostProcessorChecker] [main] [330] [INFO ] Bean 'org.springframework.security.config.annotation.method.configuration.GlobalMethodSecurityConfiguration' of type [org.springframework.security.config.annotation.method.configuration.GlobalMethodSecurityConfiguration$$EnhancerBySpringCGLIB$$d0b4efda] is not eligible for getting processed by all BeanPostProcessors (for example: not eligible for auto-proxying)
[2019-08-09 12:01:27 ] [org.springframework.context.support.PostProcessorRegistrationDelegate$BeanPostProcessorChecker] [main] [330] [INFO ] Bean 'methodSecurityMetadataSource' of type [org.springframework.security.access.method.DelegatingMethodSecurityMetadataSource] is not eligible for getting processed by all BeanPostProcessors (for example: not eligible for auto-proxying)
[2019-08-09 12:01:27 ] [org.springframework.context.support.PostProcessorRegistrationDelegate$BeanPostProcessorChecker] [main] [330] [INFO ] Bean 'org.springframework.hateoas.config.HateoasConfiguration' of type [org.springframework.hateoas.config.HateoasConfiguration$$EnhancerBySpringCGLIB$$92b2d220] is not eligible for getting processed by all BeanPostProcessors (for example: not eligible for auto-proxying)
[2019-08-09 12:01:29 ] [org.springframework.boot.web.embedded.tomcat.TomcatWebServer] [main] [90] [INFO ] Tomcat initialized with port(s): 8080 (http)
[2019-08-09 12:01:29 ] [org.apache.juli.logging.DirectJDKLog] [main] [173] [INFO ] Initializing ProtocolHandler ["http-nio-8080"]
[2019-08-09 12:01:29 ] [org.apache.juli.logging.DirectJDKLog] [main] [173] [INFO ] Starting service [Tomcat]
[2019-08-09 12:01:29 ] [org.apache.juli.logging.DirectJDKLog] [main] [173] [INFO ] Starting Servlet engine: [Apache Tomcat/9.0.21]
[2019-08-09 12:01:30 ] [org.apache.juli.logging.DirectJDKLog] [main] [173] [INFO ] At least one JAR was scanned for TLDs yet contained no TLDs. Enable debug logging for this logger for a complete list of JARs that were scanned but no TLDs were found in them. Skipping unneeded JARs during scanning can improve startup time and JSP compilation time.
[2019-08-09 12:01:30 ] [org.apache.juli.logging.DirectJDKLog] [main] [173] [INFO ] Initializing Spring embedded WebApplicationContext
[2019-08-09 12:01:30 ] [org.springframework.boot.web.servlet.context.ServletWebServerApplicationContext] [main] [283] [INFO ] Root WebApplicationContext: initialization completed in 5549 ms
[2019-08-09 12:01:30 ] [com.zaxxer.hikari.HikariDataSource] [main] [110] [INFO ] HikariPool-1 - Starting...
[2019-08-09 12:01:31 ] [com.zaxxer.hikari.HikariDataSource] [main] [123] [INFO ] HikariPool-1 - Start completed.
[2019-08-09 12:01:31 ] [org.hibernate.jpa.internal.util.LogHelper] [main] [31] [INFO ] HHH000204: Processing PersistenceUnitInfo [
	name: default
	...]
[2019-08-09 12:01:31 ] [org.hibernate.Version] [main] [46] [INFO ] HHH000412: Hibernate Core {5.3.10.Final}
[2019-08-09 12:01:31 ] [org.hibernate.cfg.Environment] [main] [213] [INFO ] HHH000206: hibernate.properties not found
[2019-08-09 12:01:31 ] [org.hibernate.annotations.common.reflection.java.JavaReflectionManager] [main] [49] [INFO ] HCANN000001: Hibernate Commons Annotations {5.0.4.Final}
[2019-08-09 12:01:32 ] [org.hibernate.dialect.Dialect] [main] [157] [INFO ] HHH000400: Using dialect: org.hibernate.dialect.MySQL8Dialect
[2019-08-09 12:01:33 ] [org.springframework.orm.jpa.AbstractEntityManagerFactoryBean] [main] [415] [INFO ] Initialized JPA EntityManagerFactory for persistence unit 'default'
[2019-08-09 12:01:34 ] [org.hibernate.hql.internal.QueryTranslatorFactoryInitiator] [main] [47] [INFO ] HHH000397: Using ASTQueryTranslatorFactory
[2019-08-09 12:01:36 ] [org.springframework.security.web.DefaultSecurityFilterChain] [main] [43] [INFO ] Creating filter chain: Ant [pattern='/resources/**'], []
[2019-08-09 12:01:36 ] [org.springframework.security.web.DefaultSecurityFilterChain] [main] [43] [INFO ] Creating filter chain: Ant [pattern='/statics/**'], []
[2019-08-09 12:01:36 ] [org.springframework.security.web.DefaultSecurityFilterChain] [main] [43] [INFO ] Creating filter chain: Ant [pattern='/css/**'], []
[2019-08-09 12:01:36 ] [org.springframework.security.web.DefaultSecurityFilterChain] [main] [43] [INFO ] Creating filter chain: Ant [pattern='/js/**'], []
[2019-08-09 12:01:36 ] [org.springframework.security.web.DefaultSecurityFilterChain] [main] [43] [INFO ] Creating filter chain: Ant [pattern='/images/**'], []
[2019-08-09 12:01:36 ] [org.springframework.security.web.DefaultSecurityFilterChain] [main] [43] [INFO ] Creating filter chain: Ant [pattern='/incl/**'], []
[2019-08-09 12:01:36 ] [org.springframework.security.web.DefaultSecurityFilterChain] [main] [43] [INFO ] Creating filter chain: any request, [org.springframework.security.web.context.request.async.WebAsyncManagerIntegrationFilter@2773504f, org.springframework.security.web.context.SecurityContextPersistenceFilter@20914835, org.springframework.security.web.header.HeaderWriterFilter@26a9c6df, org.springframework.security.web.authentication.logout.LogoutFilter@85cd413, org.springframework.security.web.authentication.UsernamePasswordAuthenticationFilter@8d5da7e, org.springframework.security.web.savedrequest.RequestCacheAwareFilter@417446d9, org.springframework.security.web.servletapi.SecurityContextHolderAwareRequestFilter@23f8036d, org.springframework.security.web.authentication.AnonymousAuthenticationFilter@497921d0, org.springframework.security.web.session.SessionManagementFilter@26bce60d, org.springframework.security.web.access.ExceptionTranslationFilter@7747cc1b, org.springframework.security.web.access.intercept.FilterSecurityInterceptor@990b86b]
[2019-08-09 12:01:37 ] [org.springframework.scheduling.concurrent.ExecutorConfigurationSupport] [main] [171] [INFO ] Initializing ExecutorService 'applicationTaskExecutor'
[2019-08-09 12:01:37 ] [org.springframework.boot.autoconfigure.orm.jpa.JpaBaseConfiguration$JpaWebConfiguration$JpaWebMvcConfiguration] [main] [225] [WARN ] spring.jpa.open-in-view is enabled by default. Therefore, database queries may be performed during view rendering. Explicitly configure spring.jpa.open-in-view to disable this warning
[2019-08-09 12:01:37 ] [org.springframework.boot.autoconfigure.web.servlet.WelcomePageHandlerMapping] [main] [58] [INFO ] Adding welcome page template: index
[2019-08-09 12:01:38 ] [org.springframework.boot.autoconfigure.security.servlet.UserDetailsServiceAutoConfiguration] [main] [82] [INFO ] 

Using generated security password: babcd726-5d0a-4638-b6c9-2a7a3b560695

[2019-08-09 12:01:38 ] [org.apache.juli.logging.DirectJDKLog] [main] [173] [INFO ] Starting ProtocolHandler ["http-nio-8080"]
[2019-08-09 12:01:38 ] [org.springframework.boot.web.embedded.tomcat.TomcatWebServer] [main] [202] [INFO ] Tomcat started on port(s): 8080 (http) with context path ''
[2019-08-09 12:01:38 ] [org.springframework.boot.StartupInfoLogger] [main] [59] [INFO ] Started BestplacesApplication in 14.834 seconds (JVM running for 15.94)
[2019-08-09 12:01:48 ] [org.apache.juli.logging.DirectJDKLog] [http-nio-8080-exec-1] [173] [INFO ] Initializing Spring DispatcherServlet 'dispatcherServlet'
[2019-08-09 12:01:48 ] [org.springframework.web.servlet.FrameworkServlet] [http-nio-8080-exec-1] [524] [INFO ] Initializing Servlet 'dispatcherServlet'
[2019-08-09 12:01:48 ] [org.springframework.web.servlet.FrameworkServlet] [http-nio-8080-exec-1] [546] [INFO ] Completed initialization in 58 ms
[2019-08-09 12:04:20 ] [org.springframework.boot.StartupInfoLogger] [main] [50] [INFO ] Starting BestplacesApplication on LAPTOP-65O6T4J6 with PID 9248 (D:\programowanie\java\BestPlaces\target\classes started by Acer in D:\programowanie\java\BestPlaces)
[2019-08-09 12:04:20 ] [org.springframework.boot.SpringApplication] [main] [646] [INFO ] No active profile set, falling back to default profiles: default
[2019-08-09 12:04:22 ] [org.springframework.data.repository.config.RepositoryConfigurationDelegate] [main] [126] [INFO ] Bootstrapping Spring Data repositories in DEFAULT mode.
[2019-08-09 12:04:22 ] [org.springframework.data.repository.config.RepositoryConfigurationDelegate] [main] [182] [INFO ] Finished Spring Data repository scanning in 156ms. Found 5 repository interfaces.
[2019-08-09 12:04:23 ] [org.springframework.context.support.PostProcessorRegistrationDelegate$BeanPostProcessorChecker] [main] [330] [INFO ] Bean 'org.springframework.transaction.annotation.ProxyTransactionManagementConfiguration' of type [org.springframework.transaction.annotation.ProxyTransactionManagementConfiguration$$EnhancerBySpringCGLIB$$36c599d2] is not eligible for getting processed by all BeanPostProcessors (for example: not eligible for auto-proxying)
[2019-08-09 12:04:23 ] [org.springframework.context.support.PostProcessorRegistrationDelegate$BeanPostProcessorChecker] [main] [330] [INFO ] Bean 'org.springframework.security.config.annotation.configuration.ObjectPostProcessorConfiguration' of type [org.springframework.security.config.annotation.configuration.ObjectPostProcessorConfiguration$$EnhancerBySpringCGLIB$$cf73620c] is not eligible for getting processed by all BeanPostProcessors (for example: not eligible for auto-proxying)
[2019-08-09 12:04:23 ] [org.springframework.context.support.PostProcessorRegistrationDelegate$BeanPostProcessorChecker] [main] [330] [INFO ] Bean 'objectPostProcessor' of type [org.springframework.security.config.annotation.configuration.AutowireBeanFactoryObjectPostProcessor] is not eligible for getting processed by all BeanPostProcessors (for example: not eligible for auto-proxying)
[2019-08-09 12:04:23 ] [org.springframework.context.support.PostProcessorRegistrationDelegate$BeanPostProcessorChecker] [main] [330] [INFO ] Bean 'org.springframework.security.access.expression.method.DefaultMethodSecurityExpressionHandler@4e31c3ec' of type [org.springframework.security.access.expression.method.DefaultMethodSecurityExpressionHandler] is not eligible for getting processed by all BeanPostProcessors (for example: not eligible for auto-proxying)
[2019-08-09 12:04:23 ] [org.springframework.context.support.PostProcessorRegistrationDelegate$BeanPostProcessorChecker] [main] [330] [INFO ] Bean 'org.springframework.security.config.annotation.method.configuration.GlobalMethodSecurityConfiguration' of type [org.springframework.security.config.annotation.method.configuration.GlobalMethodSecurityConfiguration$$EnhancerBySpringCGLIB$$f44804be] is not eligible for getting processed by all BeanPostProcessors (for example: not eligible for auto-proxying)
[2019-08-09 12:04:23 ] [org.springframework.context.support.PostProcessorRegistrationDelegate$BeanPostProcessorChecker] [main] [330] [INFO ] Bean 'methodSecurityMetadataSource' of type [org.springframework.security.access.method.DelegatingMethodSecurityMetadataSource] is not eligible for getting processed by all BeanPostProcessors (for example: not eligible for auto-proxying)
[2019-08-09 12:04:23 ] [org.springframework.context.support.PostProcessorRegistrationDelegate$BeanPostProcessorChecker] [main] [330] [INFO ] Bean 'org.springframework.hateoas.config.HateoasConfiguration' of type [org.springframework.hateoas.config.HateoasConfiguration$$EnhancerBySpringCGLIB$$b645e704] is not eligible for getting processed by all BeanPostProcessors (for example: not eligible for auto-proxying)
[2019-08-09 12:04:25 ] [org.springframework.boot.web.embedded.tomcat.TomcatWebServer] [main] [90] [INFO ] Tomcat initialized with port(s): 8080 (http)
[2019-08-09 12:04:25 ] [org.apache.juli.logging.DirectJDKLog] [main] [173] [INFO ] Initializing ProtocolHandler ["http-nio-8080"]
[2019-08-09 12:04:25 ] [org.apache.juli.logging.DirectJDKLog] [main] [173] [INFO ] Starting service [Tomcat]
[2019-08-09 12:04:25 ] [org.apache.juli.logging.DirectJDKLog] [main] [173] [INFO ] Starting Servlet engine: [Apache Tomcat/9.0.21]
[2019-08-09 12:04:26 ] [org.apache.juli.logging.DirectJDKLog] [main] [173] [INFO ] At least one JAR was scanned for TLDs yet contained no TLDs. Enable debug logging for this logger for a complete list of JARs that were scanned but no TLDs were found in them. Skipping unneeded JARs during scanning can improve startup time and JSP compilation time.
[2019-08-09 12:04:26 ] [org.apache.juli.logging.DirectJDKLog] [main] [173] [INFO ] Initializing Spring embedded WebApplicationContext
[2019-08-09 12:04:26 ] [org.springframework.boot.web.servlet.context.ServletWebServerApplicationContext] [main] [283] [INFO ] Root WebApplicationContext: initialization completed in 5295 ms
[2019-08-09 12:04:26 ] [com.zaxxer.hikari.HikariDataSource] [main] [110] [INFO ] HikariPool-1 - Starting...
[2019-08-09 12:04:27 ] [com.zaxxer.hikari.HikariDataSource] [main] [123] [INFO ] HikariPool-1 - Start completed.
[2019-08-09 12:04:27 ] [org.hibernate.jpa.internal.util.LogHelper] [main] [31] [INFO ] HHH000204: Processing PersistenceUnitInfo [
	name: default
	...]
[2019-08-09 12:04:27 ] [org.hibernate.Version] [main] [46] [INFO ] HHH000412: Hibernate Core {5.3.10.Final}
[2019-08-09 12:04:27 ] [org.hibernate.cfg.Environment] [main] [213] [INFO ] HHH000206: hibernate.properties not found
[2019-08-09 12:04:27 ] [org.hibernate.annotations.common.reflection.java.JavaReflectionManager] [main] [49] [INFO ] HCANN000001: Hibernate Commons Annotations {5.0.4.Final}
[2019-08-09 12:04:27 ] [org.hibernate.dialect.Dialect] [main] [157] [INFO ] HHH000400: Using dialect: org.hibernate.dialect.MySQL8Dialect
[2019-08-09 12:04:29 ] [org.springframework.orm.jpa.AbstractEntityManagerFactoryBean] [main] [415] [INFO ] Initialized JPA EntityManagerFactory for persistence unit 'default'
[2019-08-09 12:04:29 ] [org.hibernate.hql.internal.QueryTranslatorFactoryInitiator] [main] [47] [INFO ] HHH000397: Using ASTQueryTranslatorFactory
[2019-08-09 12:04:32 ] [org.springframework.security.web.DefaultSecurityFilterChain] [main] [43] [INFO ] Creating filter chain: Ant [pattern='/resources/**'], []
[2019-08-09 12:04:32 ] [org.springframework.security.web.DefaultSecurityFilterChain] [main] [43] [INFO ] Creating filter chain: Ant [pattern='/statics/**'], []
[2019-08-09 12:04:32 ] [org.springframework.security.web.DefaultSecurityFilterChain] [main] [43] [INFO ] Creating filter chain: Ant [pattern='/css/**'], []
[2019-08-09 12:04:32 ] [org.springframework.security.web.DefaultSecurityFilterChain] [main] [43] [INFO ] Creating filter chain: Ant [pattern='/js/**'], []
[2019-08-09 12:04:32 ] [org.springframework.security.web.DefaultSecurityFilterChain] [main] [43] [INFO ] Creating filter chain: Ant [pattern='/images/**'], []
[2019-08-09 12:04:32 ] [org.springframework.security.web.DefaultSecurityFilterChain] [main] [43] [INFO ] Creating filter chain: Ant [pattern='/incl/**'], []
[2019-08-09 12:04:32 ] [org.springframework.security.web.DefaultSecurityFilterChain] [main] [43] [INFO ] Creating filter chain: any request, [org.springframework.security.web.context.request.async.WebAsyncManagerIntegrationFilter@1d7f7962, org.springframework.security.web.context.SecurityContextPersistenceFilter@7b64bbad, org.springframework.security.web.header.HeaderWriterFilter@7252bdb, org.springframework.security.web.authentication.logout.LogoutFilter@a240452, org.springframework.security.web.authentication.UsernamePasswordAuthenticationFilter@1b5af65b, org.springframework.security.web.savedrequest.RequestCacheAwareFilter@574218f, org.springframework.security.web.servletapi.SecurityContextHolderAwareRequestFilter@13662609, org.springframework.security.web.authentication.AnonymousAuthenticationFilter@32d1d6c5, org.springframework.security.web.session.SessionManagementFilter@4cd8db31, org.springframework.security.web.access.ExceptionTranslationFilter@41ec4271, org.springframework.security.web.access.intercept.FilterSecurityInterceptor@11170228]
[2019-08-09 12:04:32 ] [org.springframework.scheduling.concurrent.ExecutorConfigurationSupport] [main] [171] [INFO ] Initializing ExecutorService 'applicationTaskExecutor'
[2019-08-09 12:04:32 ] [org.springframework.boot.autoconfigure.orm.jpa.JpaBaseConfiguration$JpaWebConfiguration$JpaWebMvcConfiguration] [main] [225] [WARN ] spring.jpa.open-in-view is enabled by default. Therefore, database queries may be performed during view rendering. Explicitly configure spring.jpa.open-in-view to disable this warning
[2019-08-09 12:04:33 ] [org.springframework.boot.autoconfigure.web.servlet.WelcomePageHandlerMapping] [main] [58] [INFO ] Adding welcome page template: index
[2019-08-09 12:04:33 ] [org.springframework.boot.autoconfigure.security.servlet.UserDetailsServiceAutoConfiguration] [main] [82] [INFO ] 

Using generated security password: 975fde6f-a9cd-4959-a584-bbcc5ca0923b

[2019-08-09 12:04:33 ] [org.apache.juli.logging.DirectJDKLog] [main] [173] [INFO ] Starting ProtocolHandler ["http-nio-8080"]
[2019-08-09 12:04:33 ] [org.springframework.boot.web.embedded.tomcat.TomcatWebServer] [main] [202] [INFO ] Tomcat started on port(s): 8080 (http) with context path ''
[2019-08-09 12:04:33 ] [org.springframework.boot.StartupInfoLogger] [main] [59] [INFO ] Started BestplacesApplication in 13.761 seconds (JVM running for 14.794)
[2019-08-09 12:04:43 ] [org.apache.juli.logging.DirectJDKLog] [http-nio-8080-exec-1] [173] [INFO ] Initializing Spring DispatcherServlet 'dispatcherServlet'
[2019-08-09 12:04:43 ] [org.springframework.web.servlet.FrameworkServlet] [http-nio-8080-exec-1] [524] [INFO ] Initializing Servlet 'dispatcherServlet'
[2019-08-09 12:04:43 ] [org.springframework.web.servlet.FrameworkServlet] [http-nio-8080-exec-1] [546] [INFO ] Completed initialization in 33 ms
[2019-08-09 12:06:48 ] [org.springframework.boot.StartupInfoLogger] [main] [50] [INFO ] Starting BestplacesApplication on LAPTOP-65O6T4J6 with PID 9500 (D:\programowanie\java\BestPlaces\target\classes started by Acer in D:\programowanie\java\BestPlaces)
[2019-08-09 12:06:48 ] [org.springframework.boot.SpringApplication] [main] [646] [INFO ] No active profile set, falling back to default profiles: default
[2019-08-09 12:06:50 ] [org.springframework.data.repository.config.RepositoryConfigurationDelegate] [main] [126] [INFO ] Bootstrapping Spring Data repositories in DEFAULT mode.
[2019-08-09 12:06:50 ] [org.springframework.data.repository.config.RepositoryConfigurationDelegate] [main] [182] [INFO ] Finished Spring Data repository scanning in 188ms. Found 5 repository interfaces.
[2019-08-09 12:06:51 ] [org.springframework.context.support.PostProcessorRegistrationDelegate$BeanPostProcessorChecker] [main] [330] [INFO ] Bean 'org.springframework.transaction.annotation.ProxyTransactionManagementConfiguration' of type [org.springframework.transaction.annotation.ProxyTransactionManagementConfiguration$$EnhancerBySpringCGLIB$$3a0c5475] is not eligible for getting processed by all BeanPostProcessors (for example: not eligible for auto-proxying)
[2019-08-09 12:06:51 ] [org.springframework.context.support.PostProcessorRegistrationDelegate$BeanPostProcessorChecker] [main] [330] [INFO ] Bean 'org.springframework.security.config.annotation.configuration.ObjectPostProcessorConfiguration' of type [org.springframework.security.config.annotation.configuration.ObjectPostProcessorConfiguration$$EnhancerBySpringCGLIB$$d2ba1caf] is not eligible for getting processed by all BeanPostProcessors (for example: not eligible for auto-proxying)
[2019-08-09 12:06:51 ] [org.springframework.context.support.PostProcessorRegistrationDelegate$BeanPostProcessorChecker] [main] [330] [INFO ] Bean 'objectPostProcessor' of type [org.springframework.security.config.annotation.configuration.AutowireBeanFactoryObjectPostProcessor] is not eligible for getting processed by all BeanPostProcessors (for example: not eligible for auto-proxying)
[2019-08-09 12:06:51 ] [org.springframework.context.support.PostProcessorRegistrationDelegate$BeanPostProcessorChecker] [main] [330] [INFO ] Bean 'org.springframework.security.access.expression.method.DefaultMethodSecurityExpressionHandler@7a22a3c2' of type [org.springframework.security.access.expression.method.DefaultMethodSecurityExpressionHandler] is not eligible for getting processed by all BeanPostProcessors (for example: not eligible for auto-proxying)
[2019-08-09 12:06:51 ] [org.springframework.context.support.PostProcessorRegistrationDelegate$BeanPostProcessorChecker] [main] [330] [INFO ] Bean 'org.springframework.security.config.annotation.method.configuration.GlobalMethodSecurityConfiguration' of type [org.springframework.security.config.annotation.method.configuration.GlobalMethodSecurityConfiguration$$EnhancerBySpringCGLIB$$f78ebf61] is not eligible for getting processed by all BeanPostProcessors (for example: not eligible for auto-proxying)
[2019-08-09 12:06:51 ] [org.springframework.context.support.PostProcessorRegistrationDelegate$BeanPostProcessorChecker] [main] [330] [INFO ] Bean 'methodSecurityMetadataSource' of type [org.springframework.security.access.method.DelegatingMethodSecurityMetadataSource] is not eligible for getting processed by all BeanPostProcessors (for example: not eligible for auto-proxying)
[2019-08-09 12:06:51 ] [org.springframework.context.support.PostProcessorRegistrationDelegate$BeanPostProcessorChecker] [main] [330] [INFO ] Bean 'org.springframework.hateoas.config.HateoasConfiguration' of type [org.springframework.hateoas.config.HateoasConfiguration$$EnhancerBySpringCGLIB$$b98ca1a7] is not eligible for getting processed by all BeanPostProcessors (for example: not eligible for auto-proxying)
[2019-08-09 12:06:53 ] [org.springframework.boot.web.embedded.tomcat.TomcatWebServer] [main] [90] [INFO ] Tomcat initialized with port(s): 8080 (http)
[2019-08-09 12:06:53 ] [org.apache.juli.logging.DirectJDKLog] [main] [173] [INFO ] Initializing ProtocolHandler ["http-nio-8080"]
[2019-08-09 12:06:53 ] [org.apache.juli.logging.DirectJDKLog] [main] [173] [INFO ] Starting service [Tomcat]
[2019-08-09 12:06:53 ] [org.apache.juli.logging.DirectJDKLog] [main] [173] [INFO ] Starting Servlet engine: [Apache Tomcat/9.0.21]
[2019-08-09 12:06:53 ] [org.apache.juli.logging.DirectJDKLog] [main] [173] [INFO ] At least one JAR was scanned for TLDs yet contained no TLDs. Enable debug logging for this logger for a complete list of JARs that were scanned but no TLDs were found in them. Skipping unneeded JARs during scanning can improve startup time and JSP compilation time.
[2019-08-09 12:06:53 ] [org.apache.juli.logging.DirectJDKLog] [main] [173] [INFO ] Initializing Spring embedded WebApplicationContext
[2019-08-09 12:06:53 ] [org.springframework.boot.web.servlet.context.ServletWebServerApplicationContext] [main] [283] [INFO ] Root WebApplicationContext: initialization completed in 5393 ms
[2019-08-09 12:06:54 ] [com.zaxxer.hikari.HikariDataSource] [main] [110] [INFO ] HikariPool-1 - Starting...
[2019-08-09 12:06:54 ] [com.zaxxer.hikari.HikariDataSource] [main] [123] [INFO ] HikariPool-1 - Start completed.
[2019-08-09 12:06:54 ] [org.hibernate.jpa.internal.util.LogHelper] [main] [31] [INFO ] HHH000204: Processing PersistenceUnitInfo [
	name: default
	...]
[2019-08-09 12:06:54 ] [org.hibernate.Version] [main] [46] [INFO ] HHH000412: Hibernate Core {5.3.10.Final}
[2019-08-09 12:06:54 ] [org.hibernate.cfg.Environment] [main] [213] [INFO ] HHH000206: hibernate.properties not found
[2019-08-09 12:06:55 ] [org.hibernate.annotations.common.reflection.java.JavaReflectionManager] [main] [49] [INFO ] HCANN000001: Hibernate Commons Annotations {5.0.4.Final}
[2019-08-09 12:06:55 ] [org.hibernate.dialect.Dialect] [main] [157] [INFO ] HHH000400: Using dialect: org.hibernate.dialect.MySQL8Dialect
[2019-08-09 12:06:56 ] [org.springframework.orm.jpa.AbstractEntityManagerFactoryBean] [main] [415] [INFO ] Initialized JPA EntityManagerFactory for persistence unit 'default'
[2019-08-09 12:06:57 ] [org.hibernate.hql.internal.QueryTranslatorFactoryInitiator] [main] [47] [INFO ] HHH000397: Using ASTQueryTranslatorFactory
[2019-08-09 12:06:59 ] [org.springframework.security.web.DefaultSecurityFilterChain] [main] [43] [INFO ] Creating filter chain: Ant [pattern='/resources/**'], []
[2019-08-09 12:06:59 ] [org.springframework.security.web.DefaultSecurityFilterChain] [main] [43] [INFO ] Creating filter chain: Ant [pattern='/statics/**'], []
[2019-08-09 12:06:59 ] [org.springframework.security.web.DefaultSecurityFilterChain] [main] [43] [INFO ] Creating filter chain: Ant [pattern='/css/**'], []
[2019-08-09 12:06:59 ] [org.springframework.security.web.DefaultSecurityFilterChain] [main] [43] [INFO ] Creating filter chain: Ant [pattern='/js/**'], []
[2019-08-09 12:06:59 ] [org.springframework.security.web.DefaultSecurityFilterChain] [main] [43] [INFO ] Creating filter chain: Ant [pattern='/images/**'], []
[2019-08-09 12:06:59 ] [org.springframework.security.web.DefaultSecurityFilterChain] [main] [43] [INFO ] Creating filter chain: Ant [pattern='/incl/**'], []
[2019-08-09 12:06:59 ] [org.springframework.security.web.DefaultSecurityFilterChain] [main] [43] [INFO ] Creating filter chain: any request, [org.springframework.security.web.context.request.async.WebAsyncManagerIntegrationFilter@1e9d7366, org.springframework.security.web.context.SecurityContextPersistenceFilter@2986427e, org.springframework.security.web.header.HeaderWriterFilter@1a02ebe0, org.springframework.security.web.authentication.logout.LogoutFilter@7c048b30, org.springframework.security.web.authentication.UsernamePasswordAuthenticationFilter@6fc7e828, org.springframework.security.web.savedrequest.RequestCacheAwareFilter@6c1bebca, org.springframework.security.web.servletapi.SecurityContextHolderAwareRequestFilter@35cbeb54, org.springframework.security.web.authentication.AnonymousAuthenticationFilter@20914835, org.springframework.security.web.session.SessionManagementFilter@6d7e2795, org.springframework.security.web.access.ExceptionTranslationFilter@620572db, org.springframework.security.web.access.intercept.FilterSecurityInterceptor@2567c091]
[2019-08-09 12:07:00 ] [org.springframework.scheduling.concurrent.ExecutorConfigurationSupport] [main] [171] [INFO ] Initializing ExecutorService 'applicationTaskExecutor'
[2019-08-09 12:07:00 ] [org.springframework.boot.autoconfigure.orm.jpa.JpaBaseConfiguration$JpaWebConfiguration$JpaWebMvcConfiguration] [main] [225] [WARN ] spring.jpa.open-in-view is enabled by default. Therefore, database queries may be performed during view rendering. Explicitly configure spring.jpa.open-in-view to disable this warning
[2019-08-09 12:07:00 ] [org.springframework.boot.autoconfigure.web.servlet.WelcomePageHandlerMapping] [main] [58] [INFO ] Adding welcome page template: index
[2019-08-09 12:07:01 ] [org.springframework.boot.autoconfigure.security.servlet.UserDetailsServiceAutoConfiguration] [main] [82] [INFO ] 

Using generated security password: acbbe640-f0a7-4484-882f-63570beb7533

[2019-08-09 12:07:01 ] [org.apache.juli.logging.DirectJDKLog] [main] [173] [INFO ] Starting ProtocolHandler ["http-nio-8080"]
[2019-08-09 12:07:01 ] [org.springframework.boot.web.embedded.tomcat.TomcatWebServer] [main] [202] [INFO ] Tomcat started on port(s): 8080 (http) with context path ''
[2019-08-09 12:07:01 ] [org.springframework.boot.StartupInfoLogger] [main] [59] [INFO ] Started BestplacesApplication in 13.861 seconds (JVM running for 14.925)
[2019-08-09 12:07:04 ] [org.apache.juli.logging.DirectJDKLog] [http-nio-8080-exec-1] [173] [INFO ] Initializing Spring DispatcherServlet 'dispatcherServlet'
[2019-08-09 12:07:04 ] [org.springframework.web.servlet.FrameworkServlet] [http-nio-8080-exec-1] [524] [INFO ] Initializing Servlet 'dispatcherServlet'
[2019-08-09 12:07:04 ] [org.springframework.web.servlet.FrameworkServlet] [http-nio-8080-exec-1] [546] [INFO ] Completed initialization in 33 ms
[2019-08-09 12:08:47 ] [org.springframework.boot.StartupInfoLogger] [main] [50] [INFO ] Starting BestplacesApplication on LAPTOP-65O6T4J6 with PID 12896 (D:\programowanie\java\BestPlaces\target\classes started by Acer in D:\programowanie\java\BestPlaces)
[2019-08-09 12:08:47 ] [org.springframework.boot.SpringApplication] [main] [646] [INFO ] No active profile set, falling back to default profiles: default
[2019-08-09 12:08:49 ] [org.springframework.data.repository.config.RepositoryConfigurationDelegate] [main] [126] [INFO ] Bootstrapping Spring Data repositories in DEFAULT mode.
[2019-08-09 12:08:49 ] [org.springframework.data.repository.config.RepositoryConfigurationDelegate] [main] [182] [INFO ] Finished Spring Data repository scanning in 218ms. Found 5 repository interfaces.
[2019-08-09 12:08:50 ] [org.springframework.context.support.PostProcessorRegistrationDelegate$BeanPostProcessorChecker] [main] [330] [INFO ] Bean 'org.springframework.transaction.annotation.ProxyTransactionManagementConfiguration' of type [org.springframework.transaction.annotation.ProxyTransactionManagementConfiguration$$EnhancerBySpringCGLIB$$913b26ab] is not eligible for getting processed by all BeanPostProcessors (for example: not eligible for auto-proxying)
[2019-08-09 12:08:50 ] [org.springframework.context.support.PostProcessorRegistrationDelegate$BeanPostProcessorChecker] [main] [330] [INFO ] Bean 'org.springframework.security.config.annotation.configuration.ObjectPostProcessorConfiguration' of type [org.springframework.security.config.annotation.configuration.ObjectPostProcessorConfiguration$$EnhancerBySpringCGLIB$$29e8eee5] is not eligible for getting processed by all BeanPostProcessors (for example: not eligible for auto-proxying)
[2019-08-09 12:08:50 ] [org.springframework.context.support.PostProcessorRegistrationDelegate$BeanPostProcessorChecker] [main] [330] [INFO ] Bean 'objectPostProcessor' of type [org.springframework.security.config.annotation.configuration.AutowireBeanFactoryObjectPostProcessor] is not eligible for getting processed by all BeanPostProcessors (for example: not eligible for auto-proxying)
[2019-08-09 12:08:50 ] [org.springframework.context.support.PostProcessorRegistrationDelegate$BeanPostProcessorChecker] [main] [330] [INFO ] Bean 'org.springframework.security.access.expression.method.DefaultMethodSecurityExpressionHandler@5782d777' of type [org.springframework.security.access.expression.method.DefaultMethodSecurityExpressionHandler] is not eligible for getting processed by all BeanPostProcessors (for example: not eligible for auto-proxying)
[2019-08-09 12:08:50 ] [org.springframework.context.support.PostProcessorRegistrationDelegate$BeanPostProcessorChecker] [main] [330] [INFO ] Bean 'org.springframework.security.config.annotation.method.configuration.GlobalMethodSecurityConfiguration' of type [org.springframework.security.config.annotation.method.configuration.GlobalMethodSecurityConfiguration$$EnhancerBySpringCGLIB$$4ebd9197] is not eligible for getting processed by all BeanPostProcessors (for example: not eligible for auto-proxying)
[2019-08-09 12:08:50 ] [org.springframework.context.support.PostProcessorRegistrationDelegate$BeanPostProcessorChecker] [main] [330] [INFO ] Bean 'methodSecurityMetadataSource' of type [org.springframework.security.access.method.DelegatingMethodSecurityMetadataSource] is not eligible for getting processed by all BeanPostProcessors (for example: not eligible for auto-proxying)
[2019-08-09 12:08:50 ] [org.springframework.context.support.PostProcessorRegistrationDelegate$BeanPostProcessorChecker] [main] [330] [INFO ] Bean 'org.springframework.hateoas.config.HateoasConfiguration' of type [org.springframework.hateoas.config.HateoasConfiguration$$EnhancerBySpringCGLIB$$10bb73dd] is not eligible for getting processed by all BeanPostProcessors (for example: not eligible for auto-proxying)
[2019-08-09 12:08:52 ] [org.springframework.boot.web.embedded.tomcat.TomcatWebServer] [main] [90] [INFO ] Tomcat initialized with port(s): 8080 (http)
[2019-08-09 12:08:52 ] [org.apache.juli.logging.DirectJDKLog] [main] [173] [INFO ] Initializing ProtocolHandler ["http-nio-8080"]
[2019-08-09 12:08:52 ] [org.apache.juli.logging.DirectJDKLog] [main] [173] [INFO ] Starting service [Tomcat]
[2019-08-09 12:08:52 ] [org.apache.juli.logging.DirectJDKLog] [main] [173] [INFO ] Starting Servlet engine: [Apache Tomcat/9.0.21]
[2019-08-09 12:08:52 ] [org.apache.juli.logging.DirectJDKLog] [main] [173] [INFO ] At least one JAR was scanned for TLDs yet contained no TLDs. Enable debug logging for this logger for a complete list of JARs that were scanned but no TLDs were found in them. Skipping unneeded JARs during scanning can improve startup time and JSP compilation time.
[2019-08-09 12:08:52 ] [org.apache.juli.logging.DirectJDKLog] [main] [173] [INFO ] Initializing Spring embedded WebApplicationContext
[2019-08-09 12:08:52 ] [org.springframework.boot.web.servlet.context.ServletWebServerApplicationContext] [main] [283] [INFO ] Root WebApplicationContext: initialization completed in 5376 ms
[2019-08-09 12:08:53 ] [com.zaxxer.hikari.HikariDataSource] [main] [110] [INFO ] HikariPool-1 - Starting...
[2019-08-09 12:08:53 ] [com.zaxxer.hikari.HikariDataSource] [main] [123] [INFO ] HikariPool-1 - Start completed.
[2019-08-09 12:08:54 ] [org.hibernate.jpa.internal.util.LogHelper] [main] [31] [INFO ] HHH000204: Processing PersistenceUnitInfo [
	name: default
	...]
[2019-08-09 12:08:54 ] [org.hibernate.Version] [main] [46] [INFO ] HHH000412: Hibernate Core {5.3.10.Final}
[2019-08-09 12:08:54 ] [org.hibernate.cfg.Environment] [main] [213] [INFO ] HHH000206: hibernate.properties not found
[2019-08-09 12:08:54 ] [org.hibernate.annotations.common.reflection.java.JavaReflectionManager] [main] [49] [INFO ] HCANN000001: Hibernate Commons Annotations {5.0.4.Final}
[2019-08-09 12:08:54 ] [org.hibernate.dialect.Dialect] [main] [157] [INFO ] HHH000400: Using dialect: org.hibernate.dialect.MySQL8Dialect
[2019-08-09 12:08:56 ] [org.springframework.orm.jpa.AbstractEntityManagerFactoryBean] [main] [415] [INFO ] Initialized JPA EntityManagerFactory for persistence unit 'default'
[2019-08-09 12:08:56 ] [org.hibernate.hql.internal.QueryTranslatorFactoryInitiator] [main] [47] [INFO ] HHH000397: Using ASTQueryTranslatorFactory
[2019-08-09 12:08:58 ] [org.springframework.security.web.DefaultSecurityFilterChain] [main] [43] [INFO ] Creating filter chain: Ant [pattern='/resources/**'], []
[2019-08-09 12:08:58 ] [org.springframework.security.web.DefaultSecurityFilterChain] [main] [43] [INFO ] Creating filter chain: Ant [pattern='/statics/**'], []
[2019-08-09 12:08:58 ] [org.springframework.security.web.DefaultSecurityFilterChain] [main] [43] [INFO ] Creating filter chain: Ant [pattern='/css/**'], []
[2019-08-09 12:08:58 ] [org.springframework.security.web.DefaultSecurityFilterChain] [main] [43] [INFO ] Creating filter chain: Ant [pattern='/js/**'], []
[2019-08-09 12:08:58 ] [org.springframework.security.web.DefaultSecurityFilterChain] [main] [43] [INFO ] Creating filter chain: Ant [pattern='/images/**'], []
[2019-08-09 12:08:58 ] [org.springframework.security.web.DefaultSecurityFilterChain] [main] [43] [INFO ] Creating filter chain: Ant [pattern='/incl/**'], []
[2019-08-09 12:08:59 ] [org.springframework.security.web.DefaultSecurityFilterChain] [main] [43] [INFO ] Creating filter chain: any request, [org.springframework.security.web.context.request.async.WebAsyncManagerIntegrationFilter@56a09a5c, org.springframework.security.web.context.SecurityContextPersistenceFilter@1a4cbcc6, org.springframework.security.web.header.HeaderWriterFilter@4c000cc4, org.springframework.security.web.authentication.logout.LogoutFilter@26c6288d, org.springframework.security.web.authentication.UsernamePasswordAuthenticationFilter@e7d0db2, org.springframework.security.web.savedrequest.RequestCacheAwareFilter@56402642, org.springframework.security.web.servletapi.SecurityContextHolderAwareRequestFilter@6d7e2795, org.springframework.security.web.authentication.AnonymousAuthenticationFilter@775edae0, org.springframework.security.web.session.SessionManagementFilter@45d46254, org.springframework.security.web.access.ExceptionTranslationFilter@13662609, org.springframework.security.web.access.intercept.FilterSecurityInterceptor@6802d023]
[2019-08-09 12:08:59 ] [org.springframework.scheduling.concurrent.ExecutorConfigurationSupport] [main] [171] [INFO ] Initializing ExecutorService 'applicationTaskExecutor'
[2019-08-09 12:08:59 ] [org.springframework.boot.autoconfigure.orm.jpa.JpaBaseConfiguration$JpaWebConfiguration$JpaWebMvcConfiguration] [main] [225] [WARN ] spring.jpa.open-in-view is enabled by default. Therefore, database queries may be performed during view rendering. Explicitly configure spring.jpa.open-in-view to disable this warning
[2019-08-09 12:08:59 ] [org.springframework.boot.autoconfigure.web.servlet.WelcomePageHandlerMapping] [main] [58] [INFO ] Adding welcome page template: index
[2019-08-09 12:09:00 ] [org.springframework.boot.autoconfigure.security.servlet.UserDetailsServiceAutoConfiguration] [main] [82] [INFO ] 

Using generated security password: 3d93a64e-b8bf-4fe7-9f75-8ead9bad7f93

[2019-08-09 12:09:00 ] [org.apache.juli.logging.DirectJDKLog] [main] [173] [INFO ] Starting ProtocolHandler ["http-nio-8080"]
[2019-08-09 12:09:00 ] [org.springframework.boot.web.embedded.tomcat.TomcatWebServer] [main] [202] [INFO ] Tomcat started on port(s): 8080 (http) with context path ''
[2019-08-09 12:09:00 ] [org.springframework.boot.StartupInfoLogger] [main] [59] [INFO ] Started BestplacesApplication in 14.004 seconds (JVM running for 15.063)
[2019-08-09 12:09:04 ] [org.apache.juli.logging.DirectJDKLog] [http-nio-8080-exec-1] [173] [INFO ] Initializing Spring DispatcherServlet 'dispatcherServlet'
[2019-08-09 12:09:04 ] [org.springframework.web.servlet.FrameworkServlet] [http-nio-8080-exec-1] [524] [INFO ] Initializing Servlet 'dispatcherServlet'
[2019-08-09 12:09:04 ] [org.springframework.web.servlet.FrameworkServlet] [http-nio-8080-exec-1] [546] [INFO ] Completed initialization in 34 ms
[2019-08-09 18:34:09 ] [org.springframework.boot.StartupInfoLogger] [main] [50] [INFO ] Starting BestplacesApplication on LAPTOP-65O6T4J6 with PID 248 (D:\programowanie\java\BestPlaces\target\classes started by Acer in D:\programowanie\java\BestPlaces)
[2019-08-09 18:34:09 ] [org.springframework.boot.SpringApplication] [main] [646] [INFO ] No active profile set, falling back to default profiles: default
[2019-08-09 18:34:11 ] [org.springframework.data.repository.config.RepositoryConfigurationDelegate] [main] [126] [INFO ] Bootstrapping Spring Data repositories in DEFAULT mode.
[2019-08-09 18:34:11 ] [org.springframework.data.repository.config.RepositoryConfigurationDelegate] [main] [182] [INFO ] Finished Spring Data repository scanning in 156ms. Found 5 repository interfaces.
[2019-08-09 18:34:12 ] [org.springframework.context.support.PostProcessorRegistrationDelegate$BeanPostProcessorChecker] [main] [330] [INFO ] Bean 'org.springframework.transaction.annotation.ProxyTransactionManagementConfiguration' of type [org.springframework.transaction.annotation.ProxyTransactionManagementConfiguration$$EnhancerBySpringCGLIB$$66236c9c] is not eligible for getting processed by all BeanPostProcessors (for example: not eligible for auto-proxying)
[2019-08-09 18:34:12 ] [org.springframework.context.support.PostProcessorRegistrationDelegate$BeanPostProcessorChecker] [main] [330] [INFO ] Bean 'org.springframework.security.config.annotation.configuration.ObjectPostProcessorConfiguration' of type [org.springframework.security.config.annotation.configuration.ObjectPostProcessorConfiguration$$EnhancerBySpringCGLIB$$fed134d6] is not eligible for getting processed by all BeanPostProcessors (for example: not eligible for auto-proxying)
[2019-08-09 18:34:13 ] [org.springframework.context.support.PostProcessorRegistrationDelegate$BeanPostProcessorChecker] [main] [330] [INFO ] Bean 'objectPostProcessor' of type [org.springframework.security.config.annotation.configuration.AutowireBeanFactoryObjectPostProcessor] is not eligible for getting processed by all BeanPostProcessors (for example: not eligible for auto-proxying)
[2019-08-09 18:34:13 ] [org.springframework.context.support.PostProcessorRegistrationDelegate$BeanPostProcessorChecker] [main] [330] [INFO ] Bean 'org.springframework.security.access.expression.method.DefaultMethodSecurityExpressionHandler@61e3cf4d' of type [org.springframework.security.access.expression.method.DefaultMethodSecurityExpressionHandler] is not eligible for getting processed by all BeanPostProcessors (for example: not eligible for auto-proxying)
[2019-08-09 18:34:13 ] [org.springframework.context.support.PostProcessorRegistrationDelegate$BeanPostProcessorChecker] [main] [330] [INFO ] Bean 'org.springframework.security.config.annotation.method.configuration.GlobalMethodSecurityConfiguration' of type [org.springframework.security.config.annotation.method.configuration.GlobalMethodSecurityConfiguration$$EnhancerBySpringCGLIB$$23a5d788] is not eligible for getting processed by all BeanPostProcessors (for example: not eligible for auto-proxying)
[2019-08-09 18:34:13 ] [org.springframework.context.support.PostProcessorRegistrationDelegate$BeanPostProcessorChecker] [main] [330] [INFO ] Bean 'methodSecurityMetadataSource' of type [org.springframework.security.access.method.DelegatingMethodSecurityMetadataSource] is not eligible for getting processed by all BeanPostProcessors (for example: not eligible for auto-proxying)
[2019-08-09 18:34:13 ] [org.springframework.context.support.PostProcessorRegistrationDelegate$BeanPostProcessorChecker] [main] [330] [INFO ] Bean 'org.springframework.hateoas.config.HateoasConfiguration' of type [org.springframework.hateoas.config.HateoasConfiguration$$EnhancerBySpringCGLIB$$e5a3b9ce] is not eligible for getting processed by all BeanPostProcessors (for example: not eligible for auto-proxying)
[2019-08-09 18:34:14 ] [org.springframework.boot.web.embedded.tomcat.TomcatWebServer] [main] [90] [INFO ] Tomcat initialized with port(s): 8080 (http)
[2019-08-09 18:34:14 ] [org.apache.juli.logging.DirectJDKLog] [main] [173] [INFO ] Initializing ProtocolHandler ["http-nio-8080"]
[2019-08-09 18:34:14 ] [org.apache.juli.logging.DirectJDKLog] [main] [173] [INFO ] Starting service [Tomcat]
[2019-08-09 18:34:14 ] [org.apache.juli.logging.DirectJDKLog] [main] [173] [INFO ] Starting Servlet engine: [Apache Tomcat/9.0.21]
[2019-08-09 18:34:15 ] [org.apache.juli.logging.DirectJDKLog] [main] [173] [INFO ] At least one JAR was scanned for TLDs yet contained no TLDs. Enable debug logging for this logger for a complete list of JARs that were scanned but no TLDs were found in them. Skipping unneeded JARs during scanning can improve startup time and JSP compilation time.
[2019-08-09 18:34:15 ] [org.apache.juli.logging.DirectJDKLog] [main] [173] [INFO ] Initializing Spring embedded WebApplicationContext
[2019-08-09 18:34:15 ] [org.springframework.boot.web.servlet.context.ServletWebServerApplicationContext] [main] [283] [INFO ] Root WebApplicationContext: initialization completed in 5446 ms
[2019-08-09 18:34:15 ] [com.zaxxer.hikari.HikariDataSource] [main] [110] [INFO ] HikariPool-1 - Starting...
[2019-08-09 18:34:16 ] [com.zaxxer.hikari.HikariDataSource] [main] [123] [INFO ] HikariPool-1 - Start completed.
[2019-08-09 18:34:16 ] [org.hibernate.jpa.internal.util.LogHelper] [main] [31] [INFO ] HHH000204: Processing PersistenceUnitInfo [
	name: default
	...]
[2019-08-09 18:34:16 ] [org.hibernate.Version] [main] [46] [INFO ] HHH000412: Hibernate Core {5.3.10.Final}
[2019-08-09 18:34:16 ] [org.hibernate.cfg.Environment] [main] [213] [INFO ] HHH000206: hibernate.properties not found
[2019-08-09 18:34:16 ] [org.hibernate.annotations.common.reflection.java.JavaReflectionManager] [main] [49] [INFO ] HCANN000001: Hibernate Commons Annotations {5.0.4.Final}
[2019-08-09 18:34:17 ] [org.hibernate.dialect.Dialect] [main] [157] [INFO ] HHH000400: Using dialect: org.hibernate.dialect.MySQL8Dialect
[2019-08-09 18:34:18 ] [org.springframework.orm.jpa.AbstractEntityManagerFactoryBean] [main] [415] [INFO ] Initialized JPA EntityManagerFactory for persistence unit 'default'
[2019-08-09 18:34:18 ] [org.hibernate.hql.internal.QueryTranslatorFactoryInitiator] [main] [47] [INFO ] HHH000397: Using ASTQueryTranslatorFactory
[2019-08-09 18:34:21 ] [org.springframework.security.web.DefaultSecurityFilterChain] [main] [43] [INFO ] Creating filter chain: Ant [pattern='/resources/**'], []
[2019-08-09 18:34:21 ] [org.springframework.security.web.DefaultSecurityFilterChain] [main] [43] [INFO ] Creating filter chain: Ant [pattern='/statics/**'], []
[2019-08-09 18:34:21 ] [org.springframework.security.web.DefaultSecurityFilterChain] [main] [43] [INFO ] Creating filter chain: Ant [pattern='/css/**'], []
[2019-08-09 18:34:21 ] [org.springframework.security.web.DefaultSecurityFilterChain] [main] [43] [INFO ] Creating filter chain: Ant [pattern='/js/**'], []
[2019-08-09 18:34:21 ] [org.springframework.security.web.DefaultSecurityFilterChain] [main] [43] [INFO ] Creating filter chain: Ant [pattern='/images/**'], []
[2019-08-09 18:34:21 ] [org.springframework.security.web.DefaultSecurityFilterChain] [main] [43] [INFO ] Creating filter chain: Ant [pattern='/incl/**'], []
[2019-08-09 18:34:21 ] [org.springframework.security.web.DefaultSecurityFilterChain] [main] [43] [INFO ] Creating filter chain: any request, [org.springframework.security.web.context.request.async.WebAsyncManagerIntegrationFilter@59a2bed1, org.springframework.security.web.context.SecurityContextPersistenceFilter@63f3366a, org.springframework.security.web.header.HeaderWriterFilter@454e9d65, org.springframework.security.web.authentication.logout.LogoutFilter@7b64bbad, org.springframework.security.web.authentication.UsernamePasswordAuthenticationFilter@e2c627e, org.springframework.security.web.savedrequest.RequestCacheAwareFilter@56f84c9b, org.springframework.security.web.servletapi.SecurityContextHolderAwareRequestFilter@154f8280, org.springframework.security.web.authentication.AnonymousAuthenticationFilter@49f2646, org.springframework.security.web.session.SessionManagementFilter@6807989e, org.springframework.security.web.access.ExceptionTranslationFilter@3a1a0bc, org.springframework.security.web.access.intercept.FilterSecurityInterceptor@26c6288d]
[2019-08-09 18:34:21 ] [org.springframework.scheduling.concurrent.ExecutorConfigurationSupport] [main] [171] [INFO ] Initializing ExecutorService 'applicationTaskExecutor'
[2019-08-09 18:34:21 ] [org.springframework.boot.autoconfigure.orm.jpa.JpaBaseConfiguration$JpaWebConfiguration$JpaWebMvcConfiguration] [main] [225] [WARN ] spring.jpa.open-in-view is enabled by default. Therefore, database queries may be performed during view rendering. Explicitly configure spring.jpa.open-in-view to disable this warning
[2019-08-09 18:34:22 ] [org.springframework.boot.autoconfigure.web.servlet.WelcomePageHandlerMapping] [main] [58] [INFO ] Adding welcome page template: index
[2019-08-09 18:34:22 ] [org.springframework.boot.autoconfigure.security.servlet.UserDetailsServiceAutoConfiguration] [main] [82] [INFO ] 

Using generated security password: 9c576434-5103-461b-8c68-bf482b5c717d

[2019-08-09 18:34:22 ] [org.apache.juli.logging.DirectJDKLog] [main] [173] [INFO ] Starting ProtocolHandler ["http-nio-8080"]
[2019-08-09 18:34:22 ] [org.springframework.boot.web.embedded.tomcat.TomcatWebServer] [main] [202] [INFO ] Tomcat started on port(s): 8080 (http) with context path ''
[2019-08-09 18:34:22 ] [org.springframework.boot.StartupInfoLogger] [main] [59] [INFO ] Started BestplacesApplication in 13.628 seconds (JVM running for 14.829)
[2019-08-09 19:18:14 ] [org.springframework.boot.StartupInfoLogger] [main] [50] [INFO ] Starting BestplacesApplication on LAPTOP-65O6T4J6 with PID 5404 (D:\programowanie\java\BestPlaces\target\classes started by Acer in D:\programowanie\java\BestPlaces)
[2019-08-09 19:18:14 ] [org.springframework.boot.SpringApplication] [main] [646] [INFO ] No active profile set, falling back to default profiles: default
[2019-08-09 19:18:16 ] [org.springframework.data.repository.config.RepositoryConfigurationDelegate] [main] [126] [INFO ] Bootstrapping Spring Data repositories in DEFAULT mode.
[2019-08-09 19:18:16 ] [org.springframework.data.repository.config.RepositoryConfigurationDelegate] [main] [182] [INFO ] Finished Spring Data repository scanning in 190ms. Found 5 repository interfaces.
[2019-08-09 19:18:17 ] [org.springframework.context.support.PostProcessorRegistrationDelegate$BeanPostProcessorChecker] [main] [330] [INFO ] Bean 'org.springframework.transaction.annotation.ProxyTransactionManagementConfiguration' of type [org.springframework.transaction.annotation.ProxyTransactionManagementConfiguration$$EnhancerBySpringCGLIB$$ab712e35] is not eligible for getting processed by all BeanPostProcessors (for example: not eligible for auto-proxying)
[2019-08-09 19:18:17 ] [org.springframework.context.support.PostProcessorRegistrationDelegate$BeanPostProcessorChecker] [main] [330] [INFO ] Bean 'org.springframework.security.config.annotation.configuration.ObjectPostProcessorConfiguration' of type [org.springframework.security.config.annotation.configuration.ObjectPostProcessorConfiguration$$EnhancerBySpringCGLIB$$441ef66f] is not eligible for getting processed by all BeanPostProcessors (for example: not eligible for auto-proxying)
[2019-08-09 19:18:17 ] [org.springframework.context.support.PostProcessorRegistrationDelegate$BeanPostProcessorChecker] [main] [330] [INFO ] Bean 'objectPostProcessor' of type [org.springframework.security.config.annotation.configuration.AutowireBeanFactoryObjectPostProcessor] is not eligible for getting processed by all BeanPostProcessors (for example: not eligible for auto-proxying)
[2019-08-09 19:18:17 ] [org.springframework.context.support.PostProcessorRegistrationDelegate$BeanPostProcessorChecker] [main] [330] [INFO ] Bean 'org.springframework.security.access.expression.method.DefaultMethodSecurityExpressionHandler@29629fbb' of type [org.springframework.security.access.expression.method.DefaultMethodSecurityExpressionHandler] is not eligible for getting processed by all BeanPostProcessors (for example: not eligible for auto-proxying)
[2019-08-09 19:18:17 ] [org.springframework.context.support.PostProcessorRegistrationDelegate$BeanPostProcessorChecker] [main] [330] [INFO ] Bean 'org.springframework.security.config.annotation.method.configuration.GlobalMethodSecurityConfiguration' of type [org.springframework.security.config.annotation.method.configuration.GlobalMethodSecurityConfiguration$$EnhancerBySpringCGLIB$$68f39921] is not eligible for getting processed by all BeanPostProcessors (for example: not eligible for auto-proxying)
[2019-08-09 19:18:17 ] [org.springframework.context.support.PostProcessorRegistrationDelegate$BeanPostProcessorChecker] [main] [330] [INFO ] Bean 'methodSecurityMetadataSource' of type [org.springframework.security.access.method.DelegatingMethodSecurityMetadataSource] is not eligible for getting processed by all BeanPostProcessors (for example: not eligible for auto-proxying)
[2019-08-09 19:18:17 ] [org.springframework.context.support.PostProcessorRegistrationDelegate$BeanPostProcessorChecker] [main] [330] [INFO ] Bean 'org.springframework.hateoas.config.HateoasConfiguration' of type [org.springframework.hateoas.config.HateoasConfiguration$$EnhancerBySpringCGLIB$$2af17b67] is not eligible for getting processed by all BeanPostProcessors (for example: not eligible for auto-proxying)
[2019-08-09 19:18:19 ] [org.springframework.boot.web.embedded.tomcat.TomcatWebServer] [main] [90] [INFO ] Tomcat initialized with port(s): 8080 (http)
[2019-08-09 19:18:19 ] [org.apache.juli.logging.DirectJDKLog] [main] [173] [INFO ] Initializing ProtocolHandler ["http-nio-8080"]
[2019-08-09 19:18:19 ] [org.apache.juli.logging.DirectJDKLog] [main] [173] [INFO ] Starting service [Tomcat]
[2019-08-09 19:18:19 ] [org.apache.juli.logging.DirectJDKLog] [main] [173] [INFO ] Starting Servlet engine: [Apache Tomcat/9.0.21]
[2019-08-09 19:18:20 ] [org.apache.juli.logging.DirectJDKLog] [main] [173] [INFO ] At least one JAR was scanned for TLDs yet contained no TLDs. Enable debug logging for this logger for a complete list of JARs that were scanned but no TLDs were found in them. Skipping unneeded JARs during scanning can improve startup time and JSP compilation time.
[2019-08-09 19:18:20 ] [org.apache.juli.logging.DirectJDKLog] [main] [173] [INFO ] Initializing Spring embedded WebApplicationContext
[2019-08-09 19:18:20 ] [org.springframework.boot.web.servlet.context.ServletWebServerApplicationContext] [main] [283] [INFO ] Root WebApplicationContext: initialization completed in 5229 ms
[2019-08-09 19:18:20 ] [com.zaxxer.hikari.HikariDataSource] [main] [110] [INFO ] HikariPool-1 - Starting...
[2019-08-09 19:18:21 ] [com.zaxxer.hikari.HikariDataSource] [main] [123] [INFO ] HikariPool-1 - Start completed.
[2019-08-09 19:18:21 ] [org.hibernate.jpa.internal.util.LogHelper] [main] [31] [INFO ] HHH000204: Processing PersistenceUnitInfo [
	name: default
	...]
[2019-08-09 19:18:21 ] [org.hibernate.Version] [main] [46] [INFO ] HHH000412: Hibernate Core {5.3.10.Final}
[2019-08-09 19:18:21 ] [org.hibernate.cfg.Environment] [main] [213] [INFO ] HHH000206: hibernate.properties not found
[2019-08-09 19:18:21 ] [org.hibernate.annotations.common.reflection.java.JavaReflectionManager] [main] [49] [INFO ] HCANN000001: Hibernate Commons Annotations {5.0.4.Final}
[2019-08-09 19:18:22 ] [org.hibernate.dialect.Dialect] [main] [157] [INFO ] HHH000400: Using dialect: org.hibernate.dialect.MySQL8Dialect
[2019-08-09 19:18:23 ] [org.springframework.orm.jpa.AbstractEntityManagerFactoryBean] [main] [415] [INFO ] Initialized JPA EntityManagerFactory for persistence unit 'default'
[2019-08-09 19:18:23 ] [org.hibernate.hql.internal.QueryTranslatorFactoryInitiator] [main] [47] [INFO ] HHH000397: Using ASTQueryTranslatorFactory
[2019-08-09 19:18:26 ] [org.springframework.security.web.DefaultSecurityFilterChain] [main] [43] [INFO ] Creating filter chain: Ant [pattern='/resources/**'], []
[2019-08-09 19:18:26 ] [org.springframework.security.web.DefaultSecurityFilterChain] [main] [43] [INFO ] Creating filter chain: Ant [pattern='/statics/**'], []
[2019-08-09 19:18:26 ] [org.springframework.security.web.DefaultSecurityFilterChain] [main] [43] [INFO ] Creating filter chain: Ant [pattern='/css/**'], []
[2019-08-09 19:18:26 ] [org.springframework.security.web.DefaultSecurityFilterChain] [main] [43] [INFO ] Creating filter chain: Ant [pattern='/js/**'], []
[2019-08-09 19:18:26 ] [org.springframework.security.web.DefaultSecurityFilterChain] [main] [43] [INFO ] Creating filter chain: Ant [pattern='/images/**'], []
[2019-08-09 19:18:26 ] [org.springframework.security.web.DefaultSecurityFilterChain] [main] [43] [INFO ] Creating filter chain: Ant [pattern='/incl/**'], []
[2019-08-09 19:18:26 ] [org.springframework.security.web.DefaultSecurityFilterChain] [main] [43] [INFO ] Creating filter chain: any request, [org.springframework.security.web.context.request.async.WebAsyncManagerIntegrationFilter@e7d0db2, org.springframework.security.web.context.SecurityContextPersistenceFilter@4c000cc4, org.springframework.security.web.header.HeaderWriterFilter@6294e4a6, org.springframework.security.web.authentication.logout.LogoutFilter@752494dd, org.springframework.security.web.authentication.UsernamePasswordAuthenticationFilter@614cd187, org.springframework.security.web.savedrequest.RequestCacheAwareFilter@45d46254, org.springframework.security.web.servletapi.SecurityContextHolderAwareRequestFilter@1d5048d1, org.springframework.security.web.authentication.AnonymousAuthenticationFilter@4a41caed, org.springframework.security.web.session.SessionManagementFilter@27a0e6ce, org.springframework.security.web.access.ExceptionTranslationFilter@2d3eecda, org.springframework.security.web.access.intercept.FilterSecurityInterceptor@3e8afc2d]
[2019-08-09 19:18:26 ] [org.springframework.scheduling.concurrent.ExecutorConfigurationSupport] [main] [171] [INFO ] Initializing ExecutorService 'applicationTaskExecutor'
[2019-08-09 19:18:26 ] [org.springframework.boot.autoconfigure.orm.jpa.JpaBaseConfiguration$JpaWebConfiguration$JpaWebMvcConfiguration] [main] [225] [WARN ] spring.jpa.open-in-view is enabled by default. Therefore, database queries may be performed during view rendering. Explicitly configure spring.jpa.open-in-view to disable this warning
[2019-08-09 19:18:27 ] [org.springframework.boot.autoconfigure.web.servlet.WelcomePageHandlerMapping] [main] [58] [INFO ] Adding welcome page template: index
[2019-08-09 19:18:27 ] [org.springframework.boot.autoconfigure.security.servlet.UserDetailsServiceAutoConfiguration] [main] [82] [INFO ] 

Using generated security password: 0826571a-f353-4c1c-9d48-c446d9f3e2fc

[2019-08-09 19:18:27 ] [org.apache.juli.logging.DirectJDKLog] [main] [173] [INFO ] Starting ProtocolHandler ["http-nio-8080"]
[2019-08-09 19:18:27 ] [org.springframework.boot.web.embedded.tomcat.TomcatWebServer] [main] [202] [INFO ] Tomcat started on port(s): 8080 (http) with context path ''
[2019-08-09 19:18:27 ] [org.springframework.boot.StartupInfoLogger] [main] [59] [INFO ] Started BestplacesApplication in 13.688 seconds (JVM running for 14.886)
[2019-08-09 19:18:34 ] [org.apache.juli.logging.DirectJDKLog] [http-nio-8080-exec-1] [173] [INFO ] Initializing Spring DispatcherServlet 'dispatcherServlet'
[2019-08-09 19:18:34 ] [org.springframework.web.servlet.FrameworkServlet] [http-nio-8080-exec-1] [524] [INFO ] Initializing Servlet 'dispatcherServlet'
[2019-08-09 19:18:34 ] [org.springframework.web.servlet.FrameworkServlet] [http-nio-8080-exec-1] [546] [INFO ] Completed initialization in 56 ms
[2019-08-09 19:20:25 ] [org.springframework.boot.StartupInfoLogger] [main] [50] [INFO ] Starting BestplacesApplication on LAPTOP-65O6T4J6 with PID 9756 (D:\programowanie\java\BestPlaces\target\classes started by Acer in D:\programowanie\java\BestPlaces)
[2019-08-09 19:20:25 ] [org.springframework.boot.SpringApplication] [main] [646] [INFO ] No active profile set, falling back to default profiles: default
[2019-08-09 19:20:27 ] [org.springframework.data.repository.config.RepositoryConfigurationDelegate] [main] [126] [INFO ] Bootstrapping Spring Data repositories in DEFAULT mode.
[2019-08-09 19:20:27 ] [org.springframework.data.repository.config.RepositoryConfigurationDelegate] [main] [182] [INFO ] Finished Spring Data repository scanning in 178ms. Found 5 repository interfaces.
[2019-08-09 19:20:28 ] [org.springframework.context.support.PostProcessorRegistrationDelegate$BeanPostProcessorChecker] [main] [330] [INFO ] Bean 'org.springframework.transaction.annotation.ProxyTransactionManagementConfiguration' of type [org.springframework.transaction.annotation.ProxyTransactionManagementConfiguration$$EnhancerBySpringCGLIB$$9d3431ea] is not eligible for getting processed by all BeanPostProcessors (for example: not eligible for auto-proxying)
[2019-08-09 19:20:28 ] [org.springframework.context.support.PostProcessorRegistrationDelegate$BeanPostProcessorChecker] [main] [330] [INFO ] Bean 'org.springframework.security.config.annotation.configuration.ObjectPostProcessorConfiguration' of type [org.springframework.security.config.annotation.configuration.ObjectPostProcessorConfiguration$$EnhancerBySpringCGLIB$$35e1fa24] is not eligible for getting processed by all BeanPostProcessors (for example: not eligible for auto-proxying)
[2019-08-09 19:20:28 ] [org.springframework.context.support.PostProcessorRegistrationDelegate$BeanPostProcessorChecker] [main] [330] [INFO ] Bean 'objectPostProcessor' of type [org.springframework.security.config.annotation.configuration.AutowireBeanFactoryObjectPostProcessor] is not eligible for getting processed by all BeanPostProcessors (for example: not eligible for auto-proxying)
[2019-08-09 19:20:28 ] [org.springframework.context.support.PostProcessorRegistrationDelegate$BeanPostProcessorChecker] [main] [330] [INFO ] Bean 'org.springframework.security.access.expression.method.DefaultMethodSecurityExpressionHandler@12aa4996' of type [org.springframework.security.access.expression.method.DefaultMethodSecurityExpressionHandler] is not eligible for getting processed by all BeanPostProcessors (for example: not eligible for auto-proxying)
[2019-08-09 19:20:28 ] [org.springframework.context.support.PostProcessorRegistrationDelegate$BeanPostProcessorChecker] [main] [330] [INFO ] Bean 'org.springframework.security.config.annotation.method.configuration.GlobalMethodSecurityConfiguration' of type [org.springframework.security.config.annotation.method.configuration.GlobalMethodSecurityConfiguration$$EnhancerBySpringCGLIB$$5ab69cd6] is not eligible for getting processed by all BeanPostProcessors (for example: not eligible for auto-proxying)
[2019-08-09 19:20:28 ] [org.springframework.context.support.PostProcessorRegistrationDelegate$BeanPostProcessorChecker] [main] [330] [INFO ] Bean 'methodSecurityMetadataSource' of type [org.springframework.security.access.method.DelegatingMethodSecurityMetadataSource] is not eligible for getting processed by all BeanPostProcessors (for example: not eligible for auto-proxying)
[2019-08-09 19:20:28 ] [org.springframework.context.support.PostProcessorRegistrationDelegate$BeanPostProcessorChecker] [main] [330] [INFO ] Bean 'org.springframework.hateoas.config.HateoasConfiguration' of type [org.springframework.hateoas.config.HateoasConfiguration$$EnhancerBySpringCGLIB$$1cb47f1c] is not eligible for getting processed by all BeanPostProcessors (for example: not eligible for auto-proxying)
[2019-08-09 19:20:30 ] [org.springframework.boot.web.embedded.tomcat.TomcatWebServer] [main] [90] [INFO ] Tomcat initialized with port(s): 8080 (http)
[2019-08-09 19:20:30 ] [org.apache.juli.logging.DirectJDKLog] [main] [173] [INFO ] Initializing ProtocolHandler ["http-nio-8080"]
[2019-08-09 19:20:30 ] [org.apache.juli.logging.DirectJDKLog] [main] [173] [INFO ] Starting service [Tomcat]
[2019-08-09 19:20:30 ] [org.apache.juli.logging.DirectJDKLog] [main] [173] [INFO ] Starting Servlet engine: [Apache Tomcat/9.0.21]
[2019-08-09 19:20:31 ] [org.apache.juli.logging.DirectJDKLog] [main] [173] [INFO ] At least one JAR was scanned for TLDs yet contained no TLDs. Enable debug logging for this logger for a complete list of JARs that were scanned but no TLDs were found in them. Skipping unneeded JARs during scanning can improve startup time and JSP compilation time.
[2019-08-09 19:20:31 ] [org.apache.juli.logging.DirectJDKLog] [main] [173] [INFO ] Initializing Spring embedded WebApplicationContext
[2019-08-09 19:20:31 ] [org.springframework.boot.web.servlet.context.ServletWebServerApplicationContext] [main] [283] [INFO ] Root WebApplicationContext: initialization completed in 5103 ms
[2019-08-09 19:20:31 ] [com.zaxxer.hikari.HikariDataSource] [main] [110] [INFO ] HikariPool-1 - Starting...
[2019-08-09 19:20:31 ] [com.zaxxer.hikari.HikariDataSource] [main] [123] [INFO ] HikariPool-1 - Start completed.
[2019-08-09 19:20:32 ] [org.hibernate.jpa.internal.util.LogHelper] [main] [31] [INFO ] HHH000204: Processing PersistenceUnitInfo [
	name: default
	...]
[2019-08-09 19:20:32 ] [org.hibernate.Version] [main] [46] [INFO ] HHH000412: Hibernate Core {5.3.10.Final}
[2019-08-09 19:20:32 ] [org.hibernate.cfg.Environment] [main] [213] [INFO ] HHH000206: hibernate.properties not found
[2019-08-09 19:20:32 ] [org.hibernate.annotations.common.reflection.java.JavaReflectionManager] [main] [49] [INFO ] HCANN000001: Hibernate Commons Annotations {5.0.4.Final}
[2019-08-09 19:20:32 ] [org.hibernate.dialect.Dialect] [main] [157] [INFO ] HHH000400: Using dialect: org.hibernate.dialect.MySQL8Dialect
[2019-08-09 19:20:34 ] [org.springframework.orm.jpa.AbstractEntityManagerFactoryBean] [main] [415] [INFO ] Initialized JPA EntityManagerFactory for persistence unit 'default'
[2019-08-09 19:20:34 ] [org.hibernate.hql.internal.QueryTranslatorFactoryInitiator] [main] [47] [INFO ] HHH000397: Using ASTQueryTranslatorFactory
[2019-08-09 19:20:37 ] [org.springframework.security.web.DefaultSecurityFilterChain] [main] [43] [INFO ] Creating filter chain: Ant [pattern='/resources/**'], []
[2019-08-09 19:20:37 ] [org.springframework.security.web.DefaultSecurityFilterChain] [main] [43] [INFO ] Creating filter chain: Ant [pattern='/statics/**'], []
[2019-08-09 19:20:37 ] [org.springframework.security.web.DefaultSecurityFilterChain] [main] [43] [INFO ] Creating filter chain: Ant [pattern='/css/**'], []
[2019-08-09 19:20:37 ] [org.springframework.security.web.DefaultSecurityFilterChain] [main] [43] [INFO ] Creating filter chain: Ant [pattern='/js/**'], []
[2019-08-09 19:20:37 ] [org.springframework.security.web.DefaultSecurityFilterChain] [main] [43] [INFO ] Creating filter chain: Ant [pattern='/images/**'], []
[2019-08-09 19:20:37 ] [org.springframework.security.web.DefaultSecurityFilterChain] [main] [43] [INFO ] Creating filter chain: Ant [pattern='/incl/**'], []
[2019-08-09 19:20:37 ] [org.springframework.security.web.DefaultSecurityFilterChain] [main] [43] [INFO ] Creating filter chain: any request, [org.springframework.security.web.context.request.async.WebAsyncManagerIntegrationFilter@77476fcf, org.springframework.security.web.context.SecurityContextPersistenceFilter@2b80497f, org.springframework.security.web.header.HeaderWriterFilter@736788b, org.springframework.security.web.authentication.logout.LogoutFilter@6d7e2795, org.springframework.security.web.authentication.UsernamePasswordAuthenticationFilter@115ef673, org.springframework.security.web.savedrequest.RequestCacheAwareFilter@4c000cc4, org.springframework.security.web.servletapi.SecurityContextHolderAwareRequestFilter@56402642, org.springframework.security.web.authentication.AnonymousAuthenticationFilter@70805849, org.springframework.security.web.session.SessionManagementFilter@6294e4a6, org.springframework.security.web.access.ExceptionTranslationFilter@574218f, org.springframework.security.web.access.intercept.FilterSecurityInterceptor@4a5b38e6]
[2019-08-09 19:20:37 ] [org.springframework.scheduling.concurrent.ExecutorConfigurationSupport] [main] [171] [INFO ] Initializing ExecutorService 'applicationTaskExecutor'
[2019-08-09 19:20:37 ] [org.springframework.boot.autoconfigure.orm.jpa.JpaBaseConfiguration$JpaWebConfiguration$JpaWebMvcConfiguration] [main] [225] [WARN ] spring.jpa.open-in-view is enabled by default. Therefore, database queries may be performed during view rendering. Explicitly configure spring.jpa.open-in-view to disable this warning
[2019-08-09 19:20:38 ] [org.springframework.boot.autoconfigure.web.servlet.WelcomePageHandlerMapping] [main] [58] [INFO ] Adding welcome page template: index
[2019-08-09 19:20:38 ] [org.springframework.boot.autoconfigure.security.servlet.UserDetailsServiceAutoConfiguration] [main] [82] [INFO ] 

Using generated security password: 27e79172-c4e6-4821-a343-1b5f46f25c7d

[2019-08-09 19:20:38 ] [org.apache.juli.logging.DirectJDKLog] [main] [173] [INFO ] Starting ProtocolHandler ["http-nio-8080"]
[2019-08-09 19:20:39 ] [org.springframework.boot.web.embedded.tomcat.TomcatWebServer] [main] [202] [INFO ] Tomcat started on port(s): 8080 (http) with context path ''
[2019-08-09 19:20:39 ] [org.springframework.boot.StartupInfoLogger] [main] [59] [INFO ] Started BestplacesApplication in 13.874 seconds (JVM running for 15.151)
[2019-08-09 19:20:41 ] [org.apache.juli.logging.DirectJDKLog] [http-nio-8080-exec-1] [173] [INFO ] Initializing Spring DispatcherServlet 'dispatcherServlet'
[2019-08-09 19:20:41 ] [org.springframework.web.servlet.FrameworkServlet] [http-nio-8080-exec-1] [524] [INFO ] Initializing Servlet 'dispatcherServlet'
[2019-08-09 19:20:41 ] [org.springframework.web.servlet.FrameworkServlet] [http-nio-8080-exec-1] [546] [INFO ] Completed initialization in 45 ms
[2019-08-09 19:23:58 ] [org.springframework.boot.StartupInfoLogger] [main] [50] [INFO ] Starting BestplacesApplication on LAPTOP-65O6T4J6 with PID 13060 (D:\programowanie\java\BestPlaces\target\classes started by Acer in D:\programowanie\java\BestPlaces)
[2019-08-09 19:23:58 ] [org.springframework.boot.SpringApplication] [main] [646] [INFO ] No active profile set, falling back to default profiles: default
[2019-08-09 19:24:00 ] [org.springframework.data.repository.config.RepositoryConfigurationDelegate] [main] [126] [INFO ] Bootstrapping Spring Data repositories in DEFAULT mode.
[2019-08-09 19:24:00 ] [org.springframework.data.repository.config.RepositoryConfigurationDelegate] [main] [182] [INFO ] Finished Spring Data repository scanning in 161ms. Found 5 repository interfaces.
[2019-08-09 19:24:01 ] [org.springframework.context.support.PostProcessorRegistrationDelegate$BeanPostProcessorChecker] [main] [330] [INFO ] Bean 'org.springframework.transaction.annotation.ProxyTransactionManagementConfiguration' of type [org.springframework.transaction.annotation.ProxyTransactionManagementConfiguration$$EnhancerBySpringCGLIB$$8b17d4b2] is not eligible for getting processed by all BeanPostProcessors (for example: not eligible for auto-proxying)
[2019-08-09 19:24:01 ] [org.springframework.context.support.PostProcessorRegistrationDelegate$BeanPostProcessorChecker] [main] [330] [INFO ] Bean 'org.springframework.security.config.annotation.configuration.ObjectPostProcessorConfiguration' of type [org.springframework.security.config.annotation.configuration.ObjectPostProcessorConfiguration$$EnhancerBySpringCGLIB$$23c59cec] is not eligible for getting processed by all BeanPostProcessors (for example: not eligible for auto-proxying)
[2019-08-09 19:24:01 ] [org.springframework.context.support.PostProcessorRegistrationDelegate$BeanPostProcessorChecker] [main] [330] [INFO ] Bean 'objectPostProcessor' of type [org.springframework.security.config.annotation.configuration.AutowireBeanFactoryObjectPostProcessor] is not eligible for getting processed by all BeanPostProcessors (for example: not eligible for auto-proxying)
[2019-08-09 19:24:01 ] [org.springframework.context.support.PostProcessorRegistrationDelegate$BeanPostProcessorChecker] [main] [330] [INFO ] Bean 'org.springframework.security.access.expression.method.DefaultMethodSecurityExpressionHandler@65f58c6e' of type [org.springframework.security.access.expression.method.DefaultMethodSecurityExpressionHandler] is not eligible for getting processed by all BeanPostProcessors (for example: not eligible for auto-proxying)
[2019-08-09 19:24:01 ] [org.springframework.context.support.PostProcessorRegistrationDelegate$BeanPostProcessorChecker] [main] [330] [INFO ] Bean 'org.springframework.security.config.annotation.method.configuration.GlobalMethodSecurityConfiguration' of type [org.springframework.security.config.annotation.method.configuration.GlobalMethodSecurityConfiguration$$EnhancerBySpringCGLIB$$489a3f9e] is not eligible for getting processed by all BeanPostProcessors (for example: not eligible for auto-proxying)
[2019-08-09 19:24:01 ] [org.springframework.context.support.PostProcessorRegistrationDelegate$BeanPostProcessorChecker] [main] [330] [INFO ] Bean 'methodSecurityMetadataSource' of type [org.springframework.security.access.method.DelegatingMethodSecurityMetadataSource] is not eligible for getting processed by all BeanPostProcessors (for example: not eligible for auto-proxying)
[2019-08-09 19:24:01 ] [org.springframework.context.support.PostProcessorRegistrationDelegate$BeanPostProcessorChecker] [main] [330] [INFO ] Bean 'org.springframework.hateoas.config.HateoasConfiguration' of type [org.springframework.hateoas.config.HateoasConfiguration$$EnhancerBySpringCGLIB$$a9821e4] is not eligible for getting processed by all BeanPostProcessors (for example: not eligible for auto-proxying)
[2019-08-09 19:24:03 ] [org.springframework.boot.web.embedded.tomcat.TomcatWebServer] [main] [90] [INFO ] Tomcat initialized with port(s): 8080 (http)
[2019-08-09 19:24:03 ] [org.apache.juli.logging.DirectJDKLog] [main] [173] [INFO ] Initializing ProtocolHandler ["http-nio-8080"]
[2019-08-09 19:24:03 ] [org.apache.juli.logging.DirectJDKLog] [main] [173] [INFO ] Starting service [Tomcat]
[2019-08-09 19:24:03 ] [org.apache.juli.logging.DirectJDKLog] [main] [173] [INFO ] Starting Servlet engine: [Apache Tomcat/9.0.21]
[2019-08-09 19:24:04 ] [org.apache.juli.logging.DirectJDKLog] [main] [173] [INFO ] At least one JAR was scanned for TLDs yet contained no TLDs. Enable debug logging for this logger for a complete list of JARs that were scanned but no TLDs were found in them. Skipping unneeded JARs during scanning can improve startup time and JSP compilation time.
[2019-08-09 19:24:04 ] [org.apache.juli.logging.DirectJDKLog] [main] [173] [INFO ] Initializing Spring embedded WebApplicationContext
[2019-08-09 19:24:04 ] [org.springframework.boot.web.servlet.context.ServletWebServerApplicationContext] [main] [283] [INFO ] Root WebApplicationContext: initialization completed in 5300 ms
[2019-08-09 19:24:04 ] [com.zaxxer.hikari.HikariDataSource] [main] [110] [INFO ] HikariPool-1 - Starting...
[2019-08-09 19:24:05 ] [com.zaxxer.hikari.HikariDataSource] [main] [123] [INFO ] HikariPool-1 - Start completed.
[2019-08-09 19:24:05 ] [org.hibernate.jpa.internal.util.LogHelper] [main] [31] [INFO ] HHH000204: Processing PersistenceUnitInfo [
	name: default
	...]
[2019-08-09 19:24:05 ] [org.hibernate.Version] [main] [46] [INFO ] HHH000412: Hibernate Core {5.3.10.Final}
[2019-08-09 19:24:05 ] [org.hibernate.cfg.Environment] [main] [213] [INFO ] HHH000206: hibernate.properties not found
[2019-08-09 19:24:05 ] [org.hibernate.annotations.common.reflection.java.JavaReflectionManager] [main] [49] [INFO ] HCANN000001: Hibernate Commons Annotations {5.0.4.Final}
[2019-08-09 19:24:06 ] [org.hibernate.dialect.Dialect] [main] [157] [INFO ] HHH000400: Using dialect: org.hibernate.dialect.MySQL8Dialect
[2019-08-09 19:24:07 ] [org.springframework.orm.jpa.AbstractEntityManagerFactoryBean] [main] [415] [INFO ] Initialized JPA EntityManagerFactory for persistence unit 'default'
[2019-08-09 19:24:07 ] [org.hibernate.hql.internal.QueryTranslatorFactoryInitiator] [main] [47] [INFO ] HHH000397: Using ASTQueryTranslatorFactory
[2019-08-09 19:24:10 ] [org.springframework.security.web.DefaultSecurityFilterChain] [main] [43] [INFO ] Creating filter chain: Ant [pattern='/resources/**'], []
[2019-08-09 19:24:10 ] [org.springframework.security.web.DefaultSecurityFilterChain] [main] [43] [INFO ] Creating filter chain: Ant [pattern='/statics/**'], []
[2019-08-09 19:24:10 ] [org.springframework.security.web.DefaultSecurityFilterChain] [main] [43] [INFO ] Creating filter chain: Ant [pattern='/css/**'], []
[2019-08-09 19:24:10 ] [org.springframework.security.web.DefaultSecurityFilterChain] [main] [43] [INFO ] Creating filter chain: Ant [pattern='/js/**'], []
[2019-08-09 19:24:10 ] [org.springframework.security.web.DefaultSecurityFilterChain] [main] [43] [INFO ] Creating filter chain: Ant [pattern='/images/**'], []
[2019-08-09 19:24:10 ] [org.springframework.security.web.DefaultSecurityFilterChain] [main] [43] [INFO ] Creating filter chain: Ant [pattern='/incl/**'], []
[2019-08-09 19:24:10 ] [org.springframework.security.web.DefaultSecurityFilterChain] [main] [43] [INFO ] Creating filter chain: any request, [org.springframework.security.web.context.request.async.WebAsyncManagerIntegrationFilter@1e9d7366, org.springframework.security.web.context.SecurityContextPersistenceFilter@2986427e, org.springframework.security.web.header.HeaderWriterFilter@1a02ebe0, org.springframework.security.web.authentication.logout.LogoutFilter@7c048b30, org.springframework.security.web.authentication.UsernamePasswordAuthenticationFilter@6fc7e828, org.springframework.security.web.savedrequest.RequestCacheAwareFilter@6c1bebca, org.springframework.security.web.servletapi.SecurityContextHolderAwareRequestFilter@35cbeb54, org.springframework.security.web.authentication.AnonymousAuthenticationFilter@20914835, org.springframework.security.web.session.SessionManagementFilter@6d7e2795, org.springframework.security.web.access.ExceptionTranslationFilter@620572db, org.springframework.security.web.access.intercept.FilterSecurityInterceptor@2567c091]
[2019-08-09 19:24:10 ] [org.springframework.scheduling.concurrent.ExecutorConfigurationSupport] [main] [171] [INFO ] Initializing ExecutorService 'applicationTaskExecutor'
[2019-08-09 19:24:10 ] [org.springframework.boot.autoconfigure.orm.jpa.JpaBaseConfiguration$JpaWebConfiguration$JpaWebMvcConfiguration] [main] [225] [WARN ] spring.jpa.open-in-view is enabled by default. Therefore, database queries may be performed during view rendering. Explicitly configure spring.jpa.open-in-view to disable this warning
[2019-08-09 19:24:11 ] [org.springframework.boot.autoconfigure.web.servlet.WelcomePageHandlerMapping] [main] [58] [INFO ] Adding welcome page template: index
[2019-08-09 19:24:11 ] [org.springframework.boot.autoconfigure.security.servlet.UserDetailsServiceAutoConfiguration] [main] [82] [INFO ] 

Using generated security password: b1bb7b67-e171-462b-9532-0b2f7be885e8

[2019-08-09 19:24:11 ] [org.apache.juli.logging.DirectJDKLog] [main] [173] [INFO ] Starting ProtocolHandler ["http-nio-8080"]
[2019-08-09 19:24:11 ] [org.springframework.boot.web.embedded.tomcat.TomcatWebServer] [main] [202] [INFO ] Tomcat started on port(s): 8080 (http) with context path ''
[2019-08-09 19:24:11 ] [org.springframework.boot.StartupInfoLogger] [main] [59] [INFO ] Started BestplacesApplication in 13.524 seconds (JVM running for 14.604)
[2019-08-09 19:24:17 ] [org.apache.juli.logging.DirectJDKLog] [http-nio-8080-exec-1] [173] [INFO ] Initializing Spring DispatcherServlet 'dispatcherServlet'
[2019-08-09 19:24:17 ] [org.springframework.web.servlet.FrameworkServlet] [http-nio-8080-exec-1] [524] [INFO ] Initializing Servlet 'dispatcherServlet'
[2019-08-09 19:24:17 ] [org.springframework.web.servlet.FrameworkServlet] [http-nio-8080-exec-1] [546] [INFO ] Completed initialization in 51 ms
[2019-08-09 21:37:29 ] [com.zaxxer.hikari.pool.HikariPool$HouseKeeper] [HikariPool-1 housekeeper] [766] [WARN ] HikariPool-1 - Thread starvation or clock leap detected (housekeeper delta=2h11m24s400ms820s700ns).
